[2025-01-18T01:18:41.092+0000] {processor.py:157} INFO - Started process (PID=172) to work on /opt/airflow/dags/etl_pipeline.py
[2025-01-18T01:18:41.096+0000] {processor.py:829} INFO - Processing file /opt/airflow/dags/etl_pipeline.py for tasks to queue
[2025-01-18T01:18:41.106+0000] {logging_mixin.py:151} INFO - [2025-01-18T01:18:41.101+0000] {dagbag.py:539} INFO - Filling up the DagBag from /opt/airflow/dags/etl_pipeline.py
[2025-01-18T01:18:55.231+0000] {processor.py:839} INFO - DAG(s) dict_keys(['etl_pipeline_optimized']) retrieved from /opt/airflow/dags/etl_pipeline.py
[2025-01-18T01:18:56.201+0000] {logging_mixin.py:151} INFO - [2025-01-18T01:18:56.195+0000] {manager.py:499} INFO - Created Permission View: %s
[2025-01-18T01:18:56.239+0000] {logging_mixin.py:151} INFO - [2025-01-18T01:18:56.239+0000] {manager.py:499} INFO - Created Permission View: %s
[2025-01-18T01:18:56.243+0000] {logging_mixin.py:151} INFO - [2025-01-18T01:18:56.243+0000] {manager.py:499} INFO - Created Permission View: %s
[2025-01-18T01:18:56.248+0000] {logging_mixin.py:151} INFO - [2025-01-18T01:18:56.244+0000] {security.py:708} INFO - Not syncing DAG-level permissions for DAG 'DAG:etl_pipeline_optimized' as access control is unset.
[2025-01-18T01:18:56.250+0000] {logging_mixin.py:151} INFO - [2025-01-18T01:18:56.250+0000] {dag.py:2915} INFO - Sync 1 DAGs
[2025-01-18T01:18:56.324+0000] {logging_mixin.py:151} INFO - [2025-01-18T01:18:56.323+0000] {dag.py:2937} INFO - Creating ORM DAG for etl_pipeline_optimized
[2025-01-18T01:18:56.365+0000] {logging_mixin.py:151} INFO - [2025-01-18T01:18:56.365+0000] {dag.py:3696} INFO - Setting next_dagrun for etl_pipeline_optimized to 2025-01-18T00:00:00+00:00, run_after=2025-01-18T01:00:00+00:00
[2025-01-18T01:18:56.408+0000] {processor.py:179} INFO - Processing /opt/airflow/dags/etl_pipeline.py took 15.344 seconds
[2025-01-18T01:19:28.456+0000] {processor.py:157} INFO - Started process (PID=179) to work on /opt/airflow/dags/etl_pipeline.py
[2025-01-18T01:19:28.567+0000] {processor.py:829} INFO - Processing file /opt/airflow/dags/etl_pipeline.py for tasks to queue
[2025-01-18T01:19:28.661+0000] {logging_mixin.py:151} INFO - [2025-01-18T01:19:28.611+0000] {dagbag.py:539} INFO - Filling up the DagBag from /opt/airflow/dags/etl_pipeline.py
[2025-01-18T01:20:01.451+0000] {logging_mixin.py:151} INFO - [2025-01-18T01:20:01.424+0000] {timeout.py:68} ERROR - Process timed out, PID: 179
[2025-01-18T01:20:01.461+0000] {logging_mixin.py:151} WARNING - Exception ignored in: <function WeakKeyDictionary.__init__.<locals>.remove at 0xffff948fd300>
[2025-01-18T01:20:01.461+0000] {logging_mixin.py:151} WARNING - Traceback (most recent call last):
[2025-01-18T01:20:01.461+0000] {logging_mixin.py:151} WARNING -   File "/usr/local/lib/python3.11/weakref.py", line 369, in remove
[2025-01-18T01:20:01.464+0000] {logging_mixin.py:151} WARNING -     def remove(k, selfref=ref(self)):
[2025-01-18T01:20:01.466+0000] {logging_mixin.py:151} WARNING -   File "/home/airflow/.local/lib/python3.11/site-packages/airflow/utils/timeout.py", line 69, in handle_timeout
[2025-01-18T01:20:01.469+0000] {logging_mixin.py:151} WARNING -     raise AirflowTaskTimeout(self.error_message)
[2025-01-18T01:20:01.470+0000] {logging_mixin.py:151} WARNING - airflow.exceptions.AirflowTaskTimeout: DagBag import timeout for /opt/airflow/dags/etl_pipeline.py after 30.0s.
Please take a look at these docs to improve your DAG import time:
* https://airflow.apache.org/docs/apache-airflow/2.7.1/best-practices.html#top-level-python-code
* https://airflow.apache.org/docs/apache-airflow/2.7.1/best-practices.html#reducing-dag-complexity, PID: 179
[2025-01-18T01:20:04.652+0000] {processor.py:839} INFO - DAG(s) dict_keys(['etl_pipeline_optimized']) retrieved from /opt/airflow/dags/etl_pipeline.py
[2025-01-18T01:20:06.086+0000] {logging_mixin.py:151} INFO - [2025-01-18T01:20:06.082+0000] {dag.py:2915} INFO - Sync 1 DAGs
[2025-01-18T01:20:06.172+0000] {logging_mixin.py:151} INFO - [2025-01-18T01:20:06.172+0000] {dag.py:3696} INFO - Setting next_dagrun for etl_pipeline_optimized to 2025-01-18T00:00:00+00:00, run_after=2025-01-18T01:00:00+00:00
[2025-01-18T01:20:06.268+0000] {processor.py:179} INFO - Processing /opt/airflow/dags/etl_pipeline.py took 37.723 seconds
[2025-01-18T01:20:38.503+0000] {processor.py:157} INFO - Started process (PID=185) to work on /opt/airflow/dags/etl_pipeline.py
[2025-01-18T01:20:38.572+0000] {processor.py:829} INFO - Processing file /opt/airflow/dags/etl_pipeline.py for tasks to queue
[2025-01-18T01:20:38.652+0000] {logging_mixin.py:151} INFO - [2025-01-18T01:20:38.594+0000] {dagbag.py:539} INFO - Filling up the DagBag from /opt/airflow/dags/etl_pipeline.py
[2025-01-18T01:21:08.996+0000] {logging_mixin.py:151} INFO - [2025-01-18T01:21:08.969+0000] {timeout.py:68} ERROR - Process timed out, PID: 185
[2025-01-18T01:21:12.359+0000] {logging_mixin.py:151} INFO - [2025-01-18T01:21:09.571+0000] {dagbag.py:347} ERROR - Failed to import: /opt/airflow/dags/etl_pipeline.py
Traceback (most recent call last):
  File "/home/airflow/.local/lib/python3.11/site-packages/airflow/models/dagbag.py", line 343, in parse
    loader.exec_module(new_module)
  File "<frozen importlib._bootstrap_external>", line 940, in exec_module
  File "<frozen importlib._bootstrap>", line 241, in _call_with_frames_removed
  File "/opt/airflow/dags/etl_pipeline.py", line 6, in <module>
    from scripts.load_delta_data import get_last_loaded_timestamp, load_data_to_staging
  File "/opt/airflow/dags/scripts/load_delta_data.py", line 2, in <module>
    import pandas as pd
  File "/home/airflow/.local/lib/python3.11/site-packages/pandas/__init__.py", line 46, in <module>
    from pandas.core.api import (
  File "/home/airflow/.local/lib/python3.11/site-packages/pandas/core/api.py", line 47, in <module>
    from pandas.core.groupby import (
  File "/home/airflow/.local/lib/python3.11/site-packages/pandas/core/groupby/__init__.py", line 1, in <module>
    from pandas.core.groupby.generic import (
  File "/home/airflow/.local/lib/python3.11/site-packages/pandas/core/groupby/generic.py", line 67, in <module>
    from pandas.core.frame import DataFrame
  File "/home/airflow/.local/lib/python3.11/site-packages/pandas/core/frame.py", line 142, in <module>
    from pandas.core.generic import (
  File "/home/airflow/.local/lib/python3.11/site-packages/pandas/core/generic.py", line 178, in <module>
    from pandas.core.methods.describe import describe_ndframe
  File "/home/airflow/.local/lib/python3.11/site-packages/pandas/core/methods/describe.py", line 41, in <module>
    from pandas.io.formats.format import format_percentiles
  File "<frozen importlib._bootstrap>", line 1176, in _find_and_load
  File "<frozen importlib._bootstrap>", line 1147, in _find_and_load_unlocked
  File "<frozen importlib._bootstrap>", line 690, in _load_unlocked
  File "<frozen importlib._bootstrap_external>", line 936, in exec_module
  File "<frozen importlib._bootstrap_external>", line 1032, in get_code
  File "<frozen importlib._bootstrap_external>", line 1131, in get_data
  File "/home/airflow/.local/lib/python3.11/site-packages/airflow/utils/timeout.py", line 69, in handle_timeout
    raise AirflowTaskTimeout(self.error_message)
airflow.exceptions.AirflowTaskTimeout: DagBag import timeout for /opt/airflow/dags/etl_pipeline.py after 30.0s.
Please take a look at these docs to improve your DAG import time:
* https://airflow.apache.org/docs/apache-airflow/2.7.1/best-practices.html#top-level-python-code
* https://airflow.apache.org/docs/apache-airflow/2.7.1/best-practices.html#reducing-dag-complexity, PID: 185
[2025-01-18T01:21:12.481+0000] {processor.py:841} WARNING - No viable dags retrieved from /opt/airflow/dags/etl_pipeline.py
[2025-01-18T01:21:13.053+0000] {processor.py:179} INFO - Processing /opt/airflow/dags/etl_pipeline.py took 34.757 seconds
[2025-01-18T01:24:47.052+0000] {processor.py:157} INFO - Started process (PID=180) to work on /opt/airflow/dags/etl_pipeline.py
[2025-01-18T01:24:47.096+0000] {processor.py:829} INFO - Processing file /opt/airflow/dags/etl_pipeline.py for tasks to queue
[2025-01-18T01:24:47.143+0000] {logging_mixin.py:151} INFO - [2025-01-18T01:24:47.108+0000] {dagbag.py:539} INFO - Filling up the DagBag from /opt/airflow/dags/etl_pipeline.py
[2025-01-18T01:25:14.443+0000] {processor.py:839} INFO - DAG(s) dict_keys(['etl_pipeline_optimized']) retrieved from /opt/airflow/dags/etl_pipeline.py
[2025-01-18T01:25:15.449+0000] {logging_mixin.py:151} INFO - [2025-01-18T01:25:15.439+0000] {dag.py:2915} INFO - Sync 1 DAGs
[2025-01-18T01:25:15.550+0000] {logging_mixin.py:151} INFO - [2025-01-18T01:25:15.550+0000] {dag.py:3696} INFO - Setting next_dagrun for etl_pipeline_optimized to 2025-01-18T00:00:00+00:00, run_after=2025-01-18T01:00:00+00:00
[2025-01-18T01:25:15.632+0000] {processor.py:179} INFO - Processing /opt/airflow/dags/etl_pipeline.py took 28.705 seconds
[2025-01-18T01:25:46.996+0000] {processor.py:157} INFO - Started process (PID=187) to work on /opt/airflow/dags/etl_pipeline.py
[2025-01-18T01:25:47.062+0000] {processor.py:829} INFO - Processing file /opt/airflow/dags/etl_pipeline.py for tasks to queue
[2025-01-18T01:25:47.143+0000] {logging_mixin.py:151} INFO - [2025-01-18T01:25:47.095+0000] {dagbag.py:539} INFO - Filling up the DagBag from /opt/airflow/dags/etl_pipeline.py
[2025-01-18T01:26:18.683+0000] {logging_mixin.py:151} INFO - [2025-01-18T01:26:18.635+0000] {timeout.py:68} ERROR - Process timed out, PID: 187
[2025-01-18T01:26:18.689+0000] {logging_mixin.py:151} WARNING - Exception ignored in: <function WeakKeyDictionary.__init__.<locals>.remove at 0xffffab94d300>
[2025-01-18T01:26:18.690+0000] {logging_mixin.py:151} WARNING - Traceback (most recent call last):
[2025-01-18T01:26:18.692+0000] {logging_mixin.py:151} WARNING -   File "/usr/local/lib/python3.11/weakref.py", line 369, in remove
[2025-01-18T01:26:18.705+0000] {logging_mixin.py:151} WARNING -     def remove(k, selfref=ref(self)):
[2025-01-18T01:26:18.706+0000] {logging_mixin.py:151} WARNING -   File "/home/airflow/.local/lib/python3.11/site-packages/airflow/utils/timeout.py", line 69, in handle_timeout
[2025-01-18T01:26:18.709+0000] {logging_mixin.py:151} WARNING -     raise AirflowTaskTimeout(self.error_message)
[2025-01-18T01:26:18.712+0000] {logging_mixin.py:151} WARNING - airflow.exceptions.AirflowTaskTimeout: DagBag import timeout for /opt/airflow/dags/etl_pipeline.py after 30.0s.
Please take a look at these docs to improve your DAG import time:
* https://airflow.apache.org/docs/apache-airflow/2.7.1/best-practices.html#top-level-python-code
* https://airflow.apache.org/docs/apache-airflow/2.7.1/best-practices.html#reducing-dag-complexity, PID: 187
[2025-01-18T01:26:24.783+0000] {processor.py:839} INFO - DAG(s) dict_keys(['etl_pipeline_optimized']) retrieved from /opt/airflow/dags/etl_pipeline.py
[2025-01-18T01:26:26.205+0000] {logging_mixin.py:151} INFO - [2025-01-18T01:26:26.182+0000] {dag.py:2915} INFO - Sync 1 DAGs
[2025-01-18T01:26:26.738+0000] {logging_mixin.py:151} INFO - [2025-01-18T01:26:26.738+0000] {dag.py:3696} INFO - Setting next_dagrun for etl_pipeline_optimized to 2025-01-18T00:00:00+00:00, run_after=2025-01-18T01:00:00+00:00
[2025-01-18T01:26:26.963+0000] {processor.py:179} INFO - Processing /opt/airflow/dags/etl_pipeline.py took 40.270 seconds
[2025-01-18T01:26:57.926+0000] {processor.py:157} INFO - Started process (PID=193) to work on /opt/airflow/dags/etl_pipeline.py
[2025-01-18T01:26:57.934+0000] {processor.py:829} INFO - Processing file /opt/airflow/dags/etl_pipeline.py for tasks to queue
[2025-01-18T01:26:57.948+0000] {logging_mixin.py:151} INFO - [2025-01-18T01:26:57.939+0000] {dagbag.py:539} INFO - Filling up the DagBag from /opt/airflow/dags/etl_pipeline.py
[2025-01-18T01:27:27.262+0000] {processor.py:839} INFO - DAG(s) dict_keys(['etl_pipeline_optimized']) retrieved from /opt/airflow/dags/etl_pipeline.py
[2025-01-18T01:27:28.521+0000] {logging_mixin.py:151} INFO - [2025-01-18T01:27:28.500+0000] {dag.py:2915} INFO - Sync 1 DAGs
[2025-01-18T01:27:28.679+0000] {logging_mixin.py:151} INFO - [2025-01-18T01:27:28.676+0000] {dag.py:3696} INFO - Setting next_dagrun for etl_pipeline_optimized to 2025-01-18T00:00:00+00:00, run_after=2025-01-18T01:00:00+00:00
[2025-01-18T01:27:28.784+0000] {processor.py:179} INFO - Processing /opt/airflow/dags/etl_pipeline.py took 30.769 seconds
[2025-01-18T01:28:01.021+0000] {processor.py:157} INFO - Started process (PID=199) to work on /opt/airflow/dags/etl_pipeline.py
[2025-01-18T01:28:01.098+0000] {processor.py:829} INFO - Processing file /opt/airflow/dags/etl_pipeline.py for tasks to queue
[2025-01-18T01:28:01.217+0000] {logging_mixin.py:151} INFO - [2025-01-18T01:28:01.165+0000] {dagbag.py:539} INFO - Filling up the DagBag from /opt/airflow/dags/etl_pipeline.py
[2025-01-18T01:28:24.313+0000] {processor.py:839} INFO - DAG(s) dict_keys(['etl_pipeline_optimized']) retrieved from /opt/airflow/dags/etl_pipeline.py
[2025-01-18T01:28:25.238+0000] {logging_mixin.py:151} INFO - [2025-01-18T01:28:25.227+0000] {dag.py:2915} INFO - Sync 1 DAGs
[2025-01-18T01:28:25.491+0000] {logging_mixin.py:151} INFO - [2025-01-18T01:28:25.489+0000] {dag.py:3696} INFO - Setting next_dagrun for etl_pipeline_optimized to 2025-01-18T00:00:00+00:00, run_after=2025-01-18T01:00:00+00:00
[2025-01-18T01:28:25.716+0000] {processor.py:179} INFO - Processing /opt/airflow/dags/etl_pipeline.py took 25.670 seconds
[2025-01-18T01:28:58.325+0000] {processor.py:157} INFO - Started process (PID=205) to work on /opt/airflow/dags/etl_pipeline.py
[2025-01-18T01:28:58.420+0000] {processor.py:829} INFO - Processing file /opt/airflow/dags/etl_pipeline.py for tasks to queue
[2025-01-18T01:28:58.529+0000] {logging_mixin.py:151} INFO - [2025-01-18T01:28:58.465+0000] {dagbag.py:539} INFO - Filling up the DagBag from /opt/airflow/dags/etl_pipeline.py
[2025-01-18T01:29:28.868+0000] {logging_mixin.py:151} INFO - [2025-01-18T01:29:28.835+0000] {timeout.py:68} ERROR - Process timed out, PID: 205
[2025-01-18T01:29:28.947+0000] {logging_mixin.py:151} INFO - [2025-01-18T01:29:28.871+0000] {dagbag.py:347} ERROR - Failed to import: /opt/airflow/dags/etl_pipeline.py
Traceback (most recent call last):
  File "/home/airflow/.local/lib/python3.11/site-packages/airflow/models/dagbag.py", line 343, in parse
    loader.exec_module(new_module)
  File "<frozen importlib._bootstrap_external>", line 940, in exec_module
  File "<frozen importlib._bootstrap>", line 241, in _call_with_frames_removed
  File "/opt/airflow/dags/etl_pipeline.py", line 6, in <module>
    from scripts.load_delta_data import get_last_loaded_timestamp, load_data_to_staging
  File "/opt/airflow/dags/scripts/load_delta_data.py", line 2, in <module>
    import pandas as pd
  File "/home/airflow/.local/lib/python3.11/site-packages/pandas/__init__.py", line 139, in <module>
    from pandas.io.api import (
  File "/home/airflow/.local/lib/python3.11/site-packages/pandas/io/api.py", line 26, in <module>
    from pandas.io.pytables import (
  File "<frozen importlib._bootstrap>", line 1176, in _find_and_load
  File "<frozen importlib._bootstrap>", line 1147, in _find_and_load_unlocked
  File "<frozen importlib._bootstrap>", line 690, in _load_unlocked
  File "<frozen importlib._bootstrap_external>", line 936, in exec_module
  File "<frozen importlib._bootstrap_external>", line 1032, in get_code
  File "<frozen importlib._bootstrap_external>", line 1131, in get_data
  File "/home/airflow/.local/lib/python3.11/site-packages/airflow/utils/timeout.py", line 69, in handle_timeout
    raise AirflowTaskTimeout(self.error_message)
airflow.exceptions.AirflowTaskTimeout: DagBag import timeout for /opt/airflow/dags/etl_pipeline.py after 30.0s.
Please take a look at these docs to improve your DAG import time:
* https://airflow.apache.org/docs/apache-airflow/2.7.1/best-practices.html#top-level-python-code
* https://airflow.apache.org/docs/apache-airflow/2.7.1/best-practices.html#reducing-dag-complexity, PID: 205
[2025-01-18T01:29:28.948+0000] {processor.py:841} WARNING - No viable dags retrieved from /opt/airflow/dags/etl_pipeline.py
[2025-01-18T01:29:30.132+0000] {processor.py:179} INFO - Processing /opt/airflow/dags/etl_pipeline.py took 32.623 seconds
[2025-01-18T01:30:01.632+0000] {processor.py:157} INFO - Started process (PID=211) to work on /opt/airflow/dags/etl_pipeline.py
[2025-01-18T01:30:01.700+0000] {processor.py:829} INFO - Processing file /opt/airflow/dags/etl_pipeline.py for tasks to queue
[2025-01-18T01:30:01.722+0000] {logging_mixin.py:151} INFO - [2025-01-18T01:30:01.715+0000] {dagbag.py:539} INFO - Filling up the DagBag from /opt/airflow/dags/etl_pipeline.py
[2025-01-18T01:31:23.474+0000] {processor.py:157} INFO - Started process (PID=215) to work on /opt/airflow/dags/etl_pipeline.py
[2025-01-18T01:31:23.520+0000] {processor.py:829} INFO - Processing file /opt/airflow/dags/etl_pipeline.py for tasks to queue
[2025-01-18T01:31:23.614+0000] {logging_mixin.py:151} INFO - [2025-01-18T01:31:23.551+0000] {dagbag.py:539} INFO - Filling up the DagBag from /opt/airflow/dags/etl_pipeline.py
[2025-01-18T01:31:59.630+0000] {logging_mixin.py:151} INFO - [2025-01-18T01:31:59.619+0000] {timeout.py:68} ERROR - Process timed out, PID: 215
[2025-01-18T01:31:59.636+0000] {logging_mixin.py:151} WARNING - Exception ignored in: <function WeakKeyDictionary.__init__.<locals>.remove at 0xffffab94d300>
[2025-01-18T01:31:59.639+0000] {logging_mixin.py:151} WARNING - Traceback (most recent call last):
[2025-01-18T01:31:59.651+0000] {logging_mixin.py:151} WARNING -   File "/usr/local/lib/python3.11/weakref.py", line 369, in remove
[2025-01-18T01:31:59.682+0000] {logging_mixin.py:151} WARNING -     def remove(k, selfref=ref(self)):
[2025-01-18T01:31:59.689+0000] {logging_mixin.py:151} WARNING -   File "/home/airflow/.local/lib/python3.11/site-packages/airflow/utils/timeout.py", line 69, in handle_timeout
[2025-01-18T01:31:59.705+0000] {logging_mixin.py:151} WARNING -     raise AirflowTaskTimeout(self.error_message)
[2025-01-18T01:31:59.707+0000] {logging_mixin.py:151} WARNING - airflow.exceptions.AirflowTaskTimeout: DagBag import timeout for /opt/airflow/dags/etl_pipeline.py after 30.0s.
Please take a look at these docs to improve your DAG import time:
* https://airflow.apache.org/docs/apache-airflow/2.7.1/best-practices.html#top-level-python-code
* https://airflow.apache.org/docs/apache-airflow/2.7.1/best-practices.html#reducing-dag-complexity, PID: 215
[2025-01-18T01:32:02.380+0000] {processor.py:839} INFO - DAG(s) dict_keys(['etl_pipeline_optimized']) retrieved from /opt/airflow/dags/etl_pipeline.py
[2025-01-18T01:32:03.708+0000] {logging_mixin.py:151} INFO - [2025-01-18T01:32:03.705+0000] {security.py:708} INFO - Not syncing DAG-level permissions for DAG 'DAG:etl_pipeline_optimized' as access control is unset.
[2025-01-18T01:32:03.710+0000] {logging_mixin.py:151} INFO - [2025-01-18T01:32:03.710+0000] {dag.py:2915} INFO - Sync 1 DAGs
[2025-01-18T01:32:03.806+0000] {logging_mixin.py:151} INFO - [2025-01-18T01:32:03.806+0000] {dag.py:3696} INFO - Setting next_dagrun for etl_pipeline_optimized to 2025-01-18T00:00:00+00:00, run_after=2025-01-18T01:00:00+00:00
[2025-01-18T01:32:03.886+0000] {processor.py:179} INFO - Processing /opt/airflow/dags/etl_pipeline.py took 40.970 seconds
[2025-01-18T01:32:36.780+0000] {processor.py:157} INFO - Started process (PID=221) to work on /opt/airflow/dags/etl_pipeline.py
[2025-01-18T01:32:36.859+0000] {processor.py:829} INFO - Processing file /opt/airflow/dags/etl_pipeline.py for tasks to queue
[2025-01-18T01:32:36.965+0000] {logging_mixin.py:151} INFO - [2025-01-18T01:32:36.910+0000] {dagbag.py:539} INFO - Filling up the DagBag from /opt/airflow/dags/etl_pipeline.py
[2025-01-18T01:33:10.139+0000] {logging_mixin.py:151} INFO - [2025-01-18T01:33:10.132+0000] {timeout.py:68} ERROR - Process timed out, PID: 221
[2025-01-18T01:33:10.142+0000] {logging_mixin.py:151} WARNING - Exception ignored in: <function WeakKeyDictionary.__init__.<locals>.remove at 0xffffab94d300>
[2025-01-18T01:33:10.143+0000] {logging_mixin.py:151} WARNING - Traceback (most recent call last):
[2025-01-18T01:33:10.143+0000] {logging_mixin.py:151} WARNING -   File "/usr/local/lib/python3.11/weakref.py", line 369, in remove
[2025-01-18T01:33:10.149+0000] {logging_mixin.py:151} WARNING -     def remove(k, selfref=ref(self)):
[2025-01-18T01:33:10.150+0000] {logging_mixin.py:151} WARNING -   File "/home/airflow/.local/lib/python3.11/site-packages/airflow/utils/timeout.py", line 69, in handle_timeout
[2025-01-18T01:33:10.157+0000] {logging_mixin.py:151} WARNING -     raise AirflowTaskTimeout(self.error_message)
[2025-01-18T01:33:10.159+0000] {logging_mixin.py:151} WARNING - airflow.exceptions.AirflowTaskTimeout: DagBag import timeout for /opt/airflow/dags/etl_pipeline.py after 30.0s.
Please take a look at these docs to improve your DAG import time:
* https://airflow.apache.org/docs/apache-airflow/2.7.1/best-practices.html#top-level-python-code
* https://airflow.apache.org/docs/apache-airflow/2.7.1/best-practices.html#reducing-dag-complexity, PID: 221
[2025-01-18T01:33:11.232+0000] {processor.py:839} INFO - DAG(s) dict_keys(['etl_pipeline_optimized']) retrieved from /opt/airflow/dags/etl_pipeline.py
[2025-01-18T01:33:11.716+0000] {logging_mixin.py:151} INFO - [2025-01-18T01:33:11.713+0000] {dag.py:2915} INFO - Sync 1 DAGs
[2025-01-18T01:33:11.870+0000] {logging_mixin.py:151} INFO - [2025-01-18T01:33:11.870+0000] {dag.py:3696} INFO - Setting next_dagrun for etl_pipeline_optimized to 2025-01-18T00:00:00+00:00, run_after=2025-01-18T01:00:00+00:00
[2025-01-18T01:33:11.910+0000] {processor.py:179} INFO - Processing /opt/airflow/dags/etl_pipeline.py took 35.806 seconds
[2025-01-18T01:33:44.805+0000] {processor.py:157} INFO - Started process (PID=227) to work on /opt/airflow/dags/etl_pipeline.py
[2025-01-18T01:33:44.904+0000] {processor.py:829} INFO - Processing file /opt/airflow/dags/etl_pipeline.py for tasks to queue
[2025-01-18T01:33:45.040+0000] {logging_mixin.py:151} INFO - [2025-01-18T01:33:44.958+0000] {dagbag.py:539} INFO - Filling up the DagBag from /opt/airflow/dags/etl_pipeline.py
[2025-01-18T01:35:05.547+0000] {processor.py:157} INFO - Started process (PID=231) to work on /opt/airflow/dags/etl_pipeline.py
[2025-01-18T01:35:05.640+0000] {processor.py:829} INFO - Processing file /opt/airflow/dags/etl_pipeline.py for tasks to queue
[2025-01-18T01:35:05.712+0000] {logging_mixin.py:151} INFO - [2025-01-18T01:35:05.699+0000] {dagbag.py:539} INFO - Filling up the DagBag from /opt/airflow/dags/etl_pipeline.py
[2025-01-18T01:35:34.436+0000] {processor.py:839} INFO - DAG(s) dict_keys(['etl_pipeline_optimized']) retrieved from /opt/airflow/dags/etl_pipeline.py
[2025-01-18T01:35:36.196+0000] {logging_mixin.py:151} INFO - [2025-01-18T01:35:36.193+0000] {security.py:708} INFO - Not syncing DAG-level permissions for DAG 'DAG:etl_pipeline_optimized' as access control is unset.
[2025-01-18T01:35:36.198+0000] {logging_mixin.py:151} INFO - [2025-01-18T01:35:36.198+0000] {dag.py:2915} INFO - Sync 1 DAGs
[2025-01-18T01:35:36.395+0000] {logging_mixin.py:151} INFO - [2025-01-18T01:35:36.395+0000] {dag.py:3696} INFO - Setting next_dagrun for etl_pipeline_optimized to 2025-01-18T00:00:00+00:00, run_after=2025-01-18T01:00:00+00:00
[2025-01-18T01:35:36.551+0000] {processor.py:179} INFO - Processing /opt/airflow/dags/etl_pipeline.py took 31.301 seconds
[2025-01-18T01:36:08.057+0000] {processor.py:157} INFO - Started process (PID=237) to work on /opt/airflow/dags/etl_pipeline.py
[2025-01-18T01:36:08.346+0000] {processor.py:829} INFO - Processing file /opt/airflow/dags/etl_pipeline.py for tasks to queue
[2025-01-18T01:36:08.535+0000] {logging_mixin.py:151} INFO - [2025-01-18T01:36:08.504+0000] {dagbag.py:539} INFO - Filling up the DagBag from /opt/airflow/dags/etl_pipeline.py
[2025-01-18T01:37:32.331+0000] {processor.py:157} INFO - Started process (PID=241) to work on /opt/airflow/dags/etl_pipeline.py
[2025-01-18T01:37:32.541+0000] {processor.py:829} INFO - Processing file /opt/airflow/dags/etl_pipeline.py for tasks to queue
[2025-01-18T01:37:32.788+0000] {logging_mixin.py:151} INFO - [2025-01-18T01:37:32.705+0000] {dagbag.py:539} INFO - Filling up the DagBag from /opt/airflow/dags/etl_pipeline.py
[2025-01-18T01:38:01.591+0000] {processor.py:839} INFO - DAG(s) dict_keys(['etl_pipeline_optimized']) retrieved from /opt/airflow/dags/etl_pipeline.py
[2025-01-18T01:38:03.945+0000] {logging_mixin.py:151} INFO - [2025-01-18T01:38:03.909+0000] {security.py:708} INFO - Not syncing DAG-level permissions for DAG 'DAG:etl_pipeline_optimized' as access control is unset.
[2025-01-18T01:38:03.951+0000] {logging_mixin.py:151} INFO - [2025-01-18T01:38:03.950+0000] {dag.py:2915} INFO - Sync 1 DAGs
[2025-01-18T01:38:04.083+0000] {logging_mixin.py:151} INFO - [2025-01-18T01:38:04.081+0000] {dag.py:3696} INFO - Setting next_dagrun for etl_pipeline_optimized to 2025-01-18T00:00:00+00:00, run_after=2025-01-18T01:00:00+00:00
[2025-01-18T01:38:04.161+0000] {processor.py:179} INFO - Processing /opt/airflow/dags/etl_pipeline.py took 32.660 seconds
[2025-01-18T01:38:37.078+0000] {processor.py:157} INFO - Started process (PID=247) to work on /opt/airflow/dags/etl_pipeline.py
[2025-01-18T01:38:37.189+0000] {processor.py:829} INFO - Processing file /opt/airflow/dags/etl_pipeline.py for tasks to queue
[2025-01-18T01:38:37.267+0000] {logging_mixin.py:151} INFO - [2025-01-18T01:38:37.220+0000] {dagbag.py:539} INFO - Filling up the DagBag from /opt/airflow/dags/etl_pipeline.py
[2025-01-18T01:39:57.327+0000] {processor.py:157} INFO - Started process (PID=251) to work on /opt/airflow/dags/etl_pipeline.py
[2025-01-18T01:39:57.363+0000] {processor.py:829} INFO - Processing file /opt/airflow/dags/etl_pipeline.py for tasks to queue
[2025-01-18T01:39:57.469+0000] {logging_mixin.py:151} INFO - [2025-01-18T01:39:57.382+0000] {dagbag.py:539} INFO - Filling up the DagBag from /opt/airflow/dags/etl_pipeline.py
[2025-01-18T01:40:14.733+0000] {processor.py:839} INFO - DAG(s) dict_keys(['etl_pipeline_optimized']) retrieved from /opt/airflow/dags/etl_pipeline.py
[2025-01-18T01:40:16.948+0000] {logging_mixin.py:151} INFO - [2025-01-18T01:40:16.938+0000] {security.py:708} INFO - Not syncing DAG-level permissions for DAG 'DAG:etl_pipeline_optimized' as access control is unset.
[2025-01-18T01:40:16.952+0000] {logging_mixin.py:151} INFO - [2025-01-18T01:40:16.952+0000] {dag.py:2915} INFO - Sync 1 DAGs
[2025-01-18T01:40:17.049+0000] {logging_mixin.py:151} INFO - [2025-01-18T01:40:17.049+0000] {dag.py:3696} INFO - Setting next_dagrun for etl_pipeline_optimized to 2025-01-18T00:00:00+00:00, run_after=2025-01-18T01:00:00+00:00
[2025-01-18T01:40:17.127+0000] {processor.py:179} INFO - Processing /opt/airflow/dags/etl_pipeline.py took 19.987 seconds
[2025-01-18T01:40:48.626+0000] {processor.py:157} INFO - Started process (PID=257) to work on /opt/airflow/dags/etl_pipeline.py
[2025-01-18T01:40:48.661+0000] {processor.py:829} INFO - Processing file /opt/airflow/dags/etl_pipeline.py for tasks to queue
[2025-01-18T01:40:48.703+0000] {logging_mixin.py:151} INFO - [2025-01-18T01:40:48.680+0000] {dagbag.py:539} INFO - Filling up the DagBag from /opt/airflow/dags/etl_pipeline.py
[2025-01-18T01:41:05.169+0000] {processor.py:839} INFO - DAG(s) dict_keys(['etl_pipeline_optimized']) retrieved from /opt/airflow/dags/etl_pipeline.py
[2025-01-18T01:41:05.826+0000] {logging_mixin.py:151} INFO - [2025-01-18T01:41:05.812+0000] {dag.py:2915} INFO - Sync 1 DAGs
[2025-01-18T01:41:05.924+0000] {logging_mixin.py:151} INFO - [2025-01-18T01:41:05.923+0000] {dag.py:3696} INFO - Setting next_dagrun for etl_pipeline_optimized to 2025-01-18T00:00:00+00:00, run_after=2025-01-18T01:00:00+00:00
[2025-01-18T01:41:06.033+0000] {processor.py:179} INFO - Processing /opt/airflow/dags/etl_pipeline.py took 17.668 seconds
[2025-01-18T01:41:39.432+0000] {processor.py:157} INFO - Started process (PID=263) to work on /opt/airflow/dags/etl_pipeline.py
[2025-01-18T01:41:39.512+0000] {processor.py:829} INFO - Processing file /opt/airflow/dags/etl_pipeline.py for tasks to queue
[2025-01-18T01:41:39.625+0000] {logging_mixin.py:151} INFO - [2025-01-18T01:41:39.566+0000] {dagbag.py:539} INFO - Filling up the DagBag from /opt/airflow/dags/etl_pipeline.py
[2025-01-18T01:41:50.708+0000] {processor.py:839} INFO - DAG(s) dict_keys(['etl_pipeline_optimized']) retrieved from /opt/airflow/dags/etl_pipeline.py
[2025-01-18T01:41:51.021+0000] {logging_mixin.py:151} INFO - [2025-01-18T01:41:51.017+0000] {dag.py:2915} INFO - Sync 1 DAGs
[2025-01-18T01:41:51.102+0000] {logging_mixin.py:151} INFO - [2025-01-18T01:41:51.102+0000] {dag.py:3696} INFO - Setting next_dagrun for etl_pipeline_optimized to 2025-01-18T00:00:00+00:00, run_after=2025-01-18T01:00:00+00:00
[2025-01-18T01:41:51.152+0000] {processor.py:179} INFO - Processing /opt/airflow/dags/etl_pipeline.py took 12.259 seconds
[2025-01-18T01:42:22.359+0000] {processor.py:157} INFO - Started process (PID=269) to work on /opt/airflow/dags/etl_pipeline.py
[2025-01-18T01:42:22.373+0000] {processor.py:829} INFO - Processing file /opt/airflow/dags/etl_pipeline.py for tasks to queue
[2025-01-18T01:42:22.412+0000] {logging_mixin.py:151} INFO - [2025-01-18T01:42:22.387+0000] {dagbag.py:539} INFO - Filling up the DagBag from /opt/airflow/dags/etl_pipeline.py
[2025-01-18T01:42:31.007+0000] {processor.py:839} INFO - DAG(s) dict_keys(['etl_pipeline_optimized']) retrieved from /opt/airflow/dags/etl_pipeline.py
[2025-01-18T01:42:31.887+0000] {logging_mixin.py:151} INFO - [2025-01-18T01:42:31.886+0000] {dag.py:2915} INFO - Sync 1 DAGs
[2025-01-18T01:42:32.035+0000] {logging_mixin.py:151} INFO - [2025-01-18T01:42:32.034+0000] {dag.py:3696} INFO - Setting next_dagrun for etl_pipeline_optimized to 2025-01-18T00:00:00+00:00, run_after=2025-01-18T01:00:00+00:00
[2025-01-18T01:42:32.112+0000] {processor.py:179} INFO - Processing /opt/airflow/dags/etl_pipeline.py took 9.983 seconds
[2025-01-18T01:43:03.208+0000] {processor.py:157} INFO - Started process (PID=275) to work on /opt/airflow/dags/etl_pipeline.py
[2025-01-18T01:43:03.213+0000] {processor.py:829} INFO - Processing file /opt/airflow/dags/etl_pipeline.py for tasks to queue
[2025-01-18T01:43:03.220+0000] {logging_mixin.py:151} INFO - [2025-01-18T01:43:03.215+0000] {dagbag.py:539} INFO - Filling up the DagBag from /opt/airflow/dags/etl_pipeline.py
[2025-01-18T01:43:04.762+0000] {processor.py:839} INFO - DAG(s) dict_keys(['etl_pipeline_optimized']) retrieved from /opt/airflow/dags/etl_pipeline.py
[2025-01-18T01:43:04.810+0000] {logging_mixin.py:151} INFO - [2025-01-18T01:43:04.810+0000] {dag.py:2915} INFO - Sync 1 DAGs
[2025-01-18T01:43:04.841+0000] {logging_mixin.py:151} INFO - [2025-01-18T01:43:04.840+0000] {dag.py:3696} INFO - Setting next_dagrun for etl_pipeline_optimized to 2025-01-18T00:00:00+00:00, run_after=2025-01-18T01:00:00+00:00
[2025-01-18T01:43:04.861+0000] {processor.py:179} INFO - Processing /opt/airflow/dags/etl_pipeline.py took 1.693 seconds
[2025-01-18T01:43:35.272+0000] {processor.py:157} INFO - Started process (PID=281) to work on /opt/airflow/dags/etl_pipeline.py
[2025-01-18T01:43:35.274+0000] {processor.py:829} INFO - Processing file /opt/airflow/dags/etl_pipeline.py for tasks to queue
[2025-01-18T01:43:35.278+0000] {logging_mixin.py:151} INFO - [2025-01-18T01:43:35.276+0000] {dagbag.py:539} INFO - Filling up the DagBag from /opt/airflow/dags/etl_pipeline.py
[2025-01-18T01:43:36.648+0000] {processor.py:839} INFO - DAG(s) dict_keys(['etl_pipeline_optimized']) retrieved from /opt/airflow/dags/etl_pipeline.py
[2025-01-18T01:43:36.694+0000] {logging_mixin.py:151} INFO - [2025-01-18T01:43:36.693+0000] {dag.py:2915} INFO - Sync 1 DAGs
[2025-01-18T01:43:36.719+0000] {logging_mixin.py:151} INFO - [2025-01-18T01:43:36.719+0000] {dag.py:3696} INFO - Setting next_dagrun for etl_pipeline_optimized to 2025-01-18T00:00:00+00:00, run_after=2025-01-18T01:00:00+00:00
[2025-01-18T01:43:36.731+0000] {processor.py:179} INFO - Processing /opt/airflow/dags/etl_pipeline.py took 1.466 seconds
[2025-01-18T01:44:07.207+0000] {processor.py:157} INFO - Started process (PID=287) to work on /opt/airflow/dags/etl_pipeline.py
[2025-01-18T01:44:07.214+0000] {processor.py:829} INFO - Processing file /opt/airflow/dags/etl_pipeline.py for tasks to queue
[2025-01-18T01:44:07.217+0000] {logging_mixin.py:151} INFO - [2025-01-18T01:44:07.216+0000] {dagbag.py:539} INFO - Filling up the DagBag from /opt/airflow/dags/etl_pipeline.py
[2025-01-18T01:44:08.997+0000] {processor.py:839} INFO - DAG(s) dict_keys(['etl_pipeline_optimized']) retrieved from /opt/airflow/dags/etl_pipeline.py
[2025-01-18T01:44:09.065+0000] {logging_mixin.py:151} INFO - [2025-01-18T01:44:09.065+0000] {dag.py:2915} INFO - Sync 1 DAGs
[2025-01-18T01:44:09.090+0000] {logging_mixin.py:151} INFO - [2025-01-18T01:44:09.090+0000] {dag.py:3696} INFO - Setting next_dagrun for etl_pipeline_optimized to 2025-01-18T00:00:00+00:00, run_after=2025-01-18T01:00:00+00:00
[2025-01-18T01:44:09.104+0000] {processor.py:179} INFO - Processing /opt/airflow/dags/etl_pipeline.py took 1.926 seconds
[2025-01-18T01:44:39.574+0000] {processor.py:157} INFO - Started process (PID=293) to work on /opt/airflow/dags/etl_pipeline.py
[2025-01-18T01:44:39.577+0000] {processor.py:829} INFO - Processing file /opt/airflow/dags/etl_pipeline.py for tasks to queue
[2025-01-18T01:44:39.581+0000] {logging_mixin.py:151} INFO - [2025-01-18T01:44:39.579+0000] {dagbag.py:539} INFO - Filling up the DagBag from /opt/airflow/dags/etl_pipeline.py
[2025-01-18T01:44:41.396+0000] {processor.py:839} INFO - DAG(s) dict_keys(['etl_pipeline_optimized']) retrieved from /opt/airflow/dags/etl_pipeline.py
[2025-01-18T01:44:41.424+0000] {logging_mixin.py:151} INFO - [2025-01-18T01:44:41.424+0000] {dag.py:2915} INFO - Sync 1 DAGs
[2025-01-18T01:44:41.436+0000] {logging_mixin.py:151} INFO - [2025-01-18T01:44:41.436+0000] {dag.py:3696} INFO - Setting next_dagrun for etl_pipeline_optimized to 2025-01-18T01:00:00+00:00, run_after=2025-01-18T02:00:00+00:00
[2025-01-18T01:44:41.443+0000] {processor.py:179} INFO - Processing /opt/airflow/dags/etl_pipeline.py took 1.879 seconds
[2025-01-18T01:45:12.274+0000] {processor.py:157} INFO - Started process (PID=337) to work on /opt/airflow/dags/etl_pipeline.py
[2025-01-18T01:45:12.277+0000] {processor.py:829} INFO - Processing file /opt/airflow/dags/etl_pipeline.py for tasks to queue
[2025-01-18T01:45:12.279+0000] {logging_mixin.py:151} INFO - [2025-01-18T01:45:12.278+0000] {dagbag.py:539} INFO - Filling up the DagBag from /opt/airflow/dags/etl_pipeline.py
[2025-01-18T01:45:13.026+0000] {processor.py:839} INFO - DAG(s) dict_keys(['etl_pipeline_optimized']) retrieved from /opt/airflow/dags/etl_pipeline.py
[2025-01-18T01:45:13.053+0000] {logging_mixin.py:151} INFO - [2025-01-18T01:45:13.053+0000] {dag.py:2915} INFO - Sync 1 DAGs
[2025-01-18T01:45:13.065+0000] {logging_mixin.py:151} INFO - [2025-01-18T01:45:13.064+0000] {dag.py:3696} INFO - Setting next_dagrun for etl_pipeline_optimized to 2025-01-18T01:00:00+00:00, run_after=2025-01-18T02:00:00+00:00
[2025-01-18T01:45:13.072+0000] {processor.py:179} INFO - Processing /opt/airflow/dags/etl_pipeline.py took 0.821 seconds
[2025-01-18T01:45:43.770+0000] {processor.py:157} INFO - Started process (PID=343) to work on /opt/airflow/dags/etl_pipeline.py
[2025-01-18T01:45:43.772+0000] {processor.py:829} INFO - Processing file /opt/airflow/dags/etl_pipeline.py for tasks to queue
[2025-01-18T01:45:43.774+0000] {logging_mixin.py:151} INFO - [2025-01-18T01:45:43.773+0000] {dagbag.py:539} INFO - Filling up the DagBag from /opt/airflow/dags/etl_pipeline.py
[2025-01-18T01:45:44.347+0000] {processor.py:839} INFO - DAG(s) dict_keys(['etl_pipeline_optimized']) retrieved from /opt/airflow/dags/etl_pipeline.py
[2025-01-18T01:45:44.380+0000] {logging_mixin.py:151} INFO - [2025-01-18T01:45:44.380+0000] {dag.py:2915} INFO - Sync 1 DAGs
[2025-01-18T01:45:44.397+0000] {logging_mixin.py:151} INFO - [2025-01-18T01:45:44.396+0000] {dag.py:3696} INFO - Setting next_dagrun for etl_pipeline_optimized to 2025-01-18T01:00:00+00:00, run_after=2025-01-18T02:00:00+00:00
[2025-01-18T01:45:44.408+0000] {processor.py:179} INFO - Processing /opt/airflow/dags/etl_pipeline.py took 0.648 seconds
[2025-01-18T01:46:14.847+0000] {processor.py:157} INFO - Started process (PID=349) to work on /opt/airflow/dags/etl_pipeline.py
[2025-01-18T01:46:14.849+0000] {processor.py:829} INFO - Processing file /opt/airflow/dags/etl_pipeline.py for tasks to queue
[2025-01-18T01:46:14.850+0000] {logging_mixin.py:151} INFO - [2025-01-18T01:46:14.850+0000] {dagbag.py:539} INFO - Filling up the DagBag from /opt/airflow/dags/etl_pipeline.py
[2025-01-18T01:46:15.333+0000] {processor.py:839} INFO - DAG(s) dict_keys(['etl_pipeline_optimized']) retrieved from /opt/airflow/dags/etl_pipeline.py
[2025-01-18T01:46:15.357+0000] {logging_mixin.py:151} INFO - [2025-01-18T01:46:15.357+0000] {dag.py:2915} INFO - Sync 1 DAGs
[2025-01-18T01:46:15.369+0000] {logging_mixin.py:151} INFO - [2025-01-18T01:46:15.369+0000] {dag.py:3696} INFO - Setting next_dagrun for etl_pipeline_optimized to 2025-01-18T01:00:00+00:00, run_after=2025-01-18T02:00:00+00:00
[2025-01-18T01:46:15.376+0000] {processor.py:179} INFO - Processing /opt/airflow/dags/etl_pipeline.py took 0.545 seconds
[2025-01-18T01:46:45.695+0000] {processor.py:157} INFO - Started process (PID=355) to work on /opt/airflow/dags/etl_pipeline.py
[2025-01-18T01:46:45.696+0000] {processor.py:829} INFO - Processing file /opt/airflow/dags/etl_pipeline.py for tasks to queue
[2025-01-18T01:46:45.699+0000] {logging_mixin.py:151} INFO - [2025-01-18T01:46:45.698+0000] {dagbag.py:539} INFO - Filling up the DagBag from /opt/airflow/dags/etl_pipeline.py
[2025-01-18T01:46:46.482+0000] {processor.py:839} INFO - DAG(s) dict_keys(['etl_pipeline_optimized']) retrieved from /opt/airflow/dags/etl_pipeline.py
[2025-01-18T01:46:46.536+0000] {logging_mixin.py:151} INFO - [2025-01-18T01:46:46.536+0000] {dag.py:2915} INFO - Sync 1 DAGs
[2025-01-18T01:46:46.558+0000] {logging_mixin.py:151} INFO - [2025-01-18T01:46:46.558+0000] {dag.py:3696} INFO - Setting next_dagrun for etl_pipeline_optimized to 2025-01-18T01:00:00+00:00, run_after=2025-01-18T02:00:00+00:00
[2025-01-18T01:46:46.569+0000] {processor.py:179} INFO - Processing /opt/airflow/dags/etl_pipeline.py took 0.887 seconds
[2025-01-18T01:47:17.209+0000] {processor.py:157} INFO - Started process (PID=361) to work on /opt/airflow/dags/etl_pipeline.py
[2025-01-18T01:47:17.212+0000] {processor.py:829} INFO - Processing file /opt/airflow/dags/etl_pipeline.py for tasks to queue
[2025-01-18T01:47:17.214+0000] {logging_mixin.py:151} INFO - [2025-01-18T01:47:17.213+0000] {dagbag.py:539} INFO - Filling up the DagBag from /opt/airflow/dags/etl_pipeline.py
[2025-01-18T01:47:18.498+0000] {processor.py:839} INFO - DAG(s) dict_keys(['etl_pipeline_optimized']) retrieved from /opt/airflow/dags/etl_pipeline.py
[2025-01-18T01:47:18.552+0000] {logging_mixin.py:151} INFO - [2025-01-18T01:47:18.551+0000] {dag.py:2915} INFO - Sync 1 DAGs
[2025-01-18T01:47:18.567+0000] {logging_mixin.py:151} INFO - [2025-01-18T01:47:18.567+0000] {dag.py:3696} INFO - Setting next_dagrun for etl_pipeline_optimized to 2025-01-18T01:00:00+00:00, run_after=2025-01-18T02:00:00+00:00
[2025-01-18T01:47:18.575+0000] {processor.py:179} INFO - Processing /opt/airflow/dags/etl_pipeline.py took 1.394 seconds
[2025-01-18T01:47:49.056+0000] {processor.py:157} INFO - Started process (PID=367) to work on /opt/airflow/dags/etl_pipeline.py
[2025-01-18T01:47:49.058+0000] {processor.py:829} INFO - Processing file /opt/airflow/dags/etl_pipeline.py for tasks to queue
[2025-01-18T01:47:49.059+0000] {logging_mixin.py:151} INFO - [2025-01-18T01:47:49.059+0000] {dagbag.py:539} INFO - Filling up the DagBag from /opt/airflow/dags/etl_pipeline.py
[2025-01-18T01:47:49.838+0000] {processor.py:839} INFO - DAG(s) dict_keys(['etl_pipeline_optimized']) retrieved from /opt/airflow/dags/etl_pipeline.py
[2025-01-18T01:47:49.899+0000] {logging_mixin.py:151} INFO - [2025-01-18T01:47:49.898+0000] {dag.py:2915} INFO - Sync 1 DAGs
[2025-01-18T01:47:49.911+0000] {logging_mixin.py:151} INFO - [2025-01-18T01:47:49.911+0000] {dag.py:3696} INFO - Setting next_dagrun for etl_pipeline_optimized to 2025-01-18T01:00:00+00:00, run_after=2025-01-18T02:00:00+00:00
[2025-01-18T01:47:49.921+0000] {processor.py:179} INFO - Processing /opt/airflow/dags/etl_pipeline.py took 0.876 seconds
[2025-01-18T01:48:20.448+0000] {processor.py:157} INFO - Started process (PID=373) to work on /opt/airflow/dags/etl_pipeline.py
[2025-01-18T01:48:20.451+0000] {processor.py:829} INFO - Processing file /opt/airflow/dags/etl_pipeline.py for tasks to queue
[2025-01-18T01:48:20.453+0000] {logging_mixin.py:151} INFO - [2025-01-18T01:48:20.452+0000] {dagbag.py:539} INFO - Filling up the DagBag from /opt/airflow/dags/etl_pipeline.py
[2025-01-18T01:48:21.023+0000] {processor.py:839} INFO - DAG(s) dict_keys(['etl_pipeline_optimized']) retrieved from /opt/airflow/dags/etl_pipeline.py
[2025-01-18T01:48:21.054+0000] {logging_mixin.py:151} INFO - [2025-01-18T01:48:21.054+0000] {dag.py:2915} INFO - Sync 1 DAGs
[2025-01-18T01:48:21.071+0000] {logging_mixin.py:151} INFO - [2025-01-18T01:48:21.071+0000] {dag.py:3696} INFO - Setting next_dagrun for etl_pipeline_optimized to 2025-01-18T01:00:00+00:00, run_after=2025-01-18T02:00:00+00:00
[2025-01-18T01:48:21.080+0000] {processor.py:179} INFO - Processing /opt/airflow/dags/etl_pipeline.py took 0.643 seconds
[2025-01-18T01:48:51.407+0000] {processor.py:157} INFO - Started process (PID=379) to work on /opt/airflow/dags/etl_pipeline.py
[2025-01-18T01:48:51.412+0000] {processor.py:829} INFO - Processing file /opt/airflow/dags/etl_pipeline.py for tasks to queue
[2025-01-18T01:48:51.414+0000] {logging_mixin.py:151} INFO - [2025-01-18T01:48:51.413+0000] {dagbag.py:539} INFO - Filling up the DagBag from /opt/airflow/dags/etl_pipeline.py
[2025-01-18T01:48:51.866+0000] {processor.py:839} INFO - DAG(s) dict_keys(['etl_pipeline_optimized']) retrieved from /opt/airflow/dags/etl_pipeline.py
[2025-01-18T01:48:51.892+0000] {logging_mixin.py:151} INFO - [2025-01-18T01:48:51.892+0000] {dag.py:2915} INFO - Sync 1 DAGs
[2025-01-18T01:48:51.908+0000] {logging_mixin.py:151} INFO - [2025-01-18T01:48:51.908+0000] {dag.py:3696} INFO - Setting next_dagrun for etl_pipeline_optimized to 2025-01-18T01:00:00+00:00, run_after=2025-01-18T02:00:00+00:00
[2025-01-18T01:48:51.915+0000] {processor.py:179} INFO - Processing /opt/airflow/dags/etl_pipeline.py took 0.519 seconds
[2025-01-18T01:49:22.349+0000] {processor.py:157} INFO - Started process (PID=385) to work on /opt/airflow/dags/etl_pipeline.py
[2025-01-18T01:49:22.351+0000] {processor.py:829} INFO - Processing file /opt/airflow/dags/etl_pipeline.py for tasks to queue
[2025-01-18T01:49:22.353+0000] {logging_mixin.py:151} INFO - [2025-01-18T01:49:22.352+0000] {dagbag.py:539} INFO - Filling up the DagBag from /opt/airflow/dags/etl_pipeline.py
[2025-01-18T01:49:22.818+0000] {processor.py:839} INFO - DAG(s) dict_keys(['etl_pipeline_optimized']) retrieved from /opt/airflow/dags/etl_pipeline.py
[2025-01-18T01:49:22.848+0000] {logging_mixin.py:151} INFO - [2025-01-18T01:49:22.848+0000] {dag.py:2915} INFO - Sync 1 DAGs
[2025-01-18T01:49:22.861+0000] {logging_mixin.py:151} INFO - [2025-01-18T01:49:22.861+0000] {dag.py:3696} INFO - Setting next_dagrun for etl_pipeline_optimized to 2025-01-18T01:00:00+00:00, run_after=2025-01-18T02:00:00+00:00
[2025-01-18T01:49:22.868+0000] {processor.py:179} INFO - Processing /opt/airflow/dags/etl_pipeline.py took 0.531 seconds
[2025-01-18T01:49:53.472+0000] {processor.py:157} INFO - Started process (PID=391) to work on /opt/airflow/dags/etl_pipeline.py
[2025-01-18T01:49:53.474+0000] {processor.py:829} INFO - Processing file /opt/airflow/dags/etl_pipeline.py for tasks to queue
[2025-01-18T01:49:53.475+0000] {logging_mixin.py:151} INFO - [2025-01-18T01:49:53.475+0000] {dagbag.py:539} INFO - Filling up the DagBag from /opt/airflow/dags/etl_pipeline.py
[2025-01-18T01:49:54.193+0000] {processor.py:839} INFO - DAG(s) dict_keys(['etl_pipeline_optimized']) retrieved from /opt/airflow/dags/etl_pipeline.py
[2025-01-18T01:49:54.228+0000] {logging_mixin.py:151} INFO - [2025-01-18T01:49:54.227+0000] {dag.py:2915} INFO - Sync 1 DAGs
[2025-01-18T01:49:54.240+0000] {logging_mixin.py:151} INFO - [2025-01-18T01:49:54.240+0000] {dag.py:3696} INFO - Setting next_dagrun for etl_pipeline_optimized to 2025-01-18T01:00:00+00:00, run_after=2025-01-18T02:00:00+00:00
[2025-01-18T01:49:54.251+0000] {processor.py:179} INFO - Processing /opt/airflow/dags/etl_pipeline.py took 0.792 seconds
[2025-01-18T01:50:24.798+0000] {processor.py:157} INFO - Started process (PID=397) to work on /opt/airflow/dags/etl_pipeline.py
[2025-01-18T01:50:24.801+0000] {processor.py:829} INFO - Processing file /opt/airflow/dags/etl_pipeline.py for tasks to queue
[2025-01-18T01:50:24.802+0000] {logging_mixin.py:151} INFO - [2025-01-18T01:50:24.801+0000] {dagbag.py:539} INFO - Filling up the DagBag from /opt/airflow/dags/etl_pipeline.py
[2025-01-18T01:50:25.268+0000] {processor.py:839} INFO - DAG(s) dict_keys(['etl_pipeline_optimized']) retrieved from /opt/airflow/dags/etl_pipeline.py
[2025-01-18T01:50:25.289+0000] {logging_mixin.py:151} INFO - [2025-01-18T01:50:25.289+0000] {dag.py:2915} INFO - Sync 1 DAGs
[2025-01-18T01:50:25.299+0000] {logging_mixin.py:151} INFO - [2025-01-18T01:50:25.299+0000] {dag.py:3696} INFO - Setting next_dagrun for etl_pipeline_optimized to 2025-01-18T01:00:00+00:00, run_after=2025-01-18T02:00:00+00:00
[2025-01-18T01:50:25.305+0000] {processor.py:179} INFO - Processing /opt/airflow/dags/etl_pipeline.py took 0.519 seconds
