[2025-01-18T01:18:40.401+0000] {manager.py:487} INFO - Processing files using up to 2 processes at a time 
[2025-01-18T01:18:40.405+0000] {manager.py:488} INFO - Process each file at most once every 30 seconds
[2025-01-18T01:18:40.407+0000] {manager.py:489} INFO - Checking for new files in /opt/airflow/dags every 300 seconds
[2025-01-18T01:18:40.409+0000] {manager.py:759} INFO - Searching for files in /opt/airflow/dags
[2025-01-18T01:18:40.443+0000] {manager.py:762} INFO - There are 1 files in /opt/airflow/dags
[2025-01-18T01:18:41.379+0000] {manager.py:893} INFO - 
================================================================================
DAG File Processing Stats

File Path                            PID  Runtime      # DAGs    # Errors  Last Runtime    Last Run
---------------------------------  -----  ---------  --------  ----------  --------------  ----------
/opt/airflow/dags/etl_pipeline.py    172  0.33s             0           0
================================================================================
[2025-01-18T01:19:11.726+0000] {manager.py:893} INFO - 
================================================================================
DAG File Processing Stats

File Path                          PID    Runtime      # DAGs    # Errors  Last Runtime    Last Run
---------------------------------  -----  ---------  --------  ----------  --------------  -------------------
/opt/airflow/dags/etl_pipeline.py                           1           0  15.55s          2025-01-18T01:18:56
================================================================================
[2025-01-18T01:19:42.527+0000] {manager.py:893} INFO - 
================================================================================
DAG File Processing Stats

File Path                            PID  Runtime      # DAGs    # Errors  Last Runtime    Last Run
---------------------------------  -----  ---------  --------  ----------  --------------  -------------------
/opt/airflow/dags/etl_pipeline.py    179  15.22s            1           0  15.55s          2025-01-18T01:18:56
================================================================================
[2025-01-18T01:20:13.620+0000] {manager.py:893} INFO - 
================================================================================
DAG File Processing Stats

File Path                          PID    Runtime      # DAGs    # Errors  Last Runtime    Last Run
---------------------------------  -----  ---------  --------  ----------  --------------  -------------------
/opt/airflow/dags/etl_pipeline.py                           1           0  39.15s          2025-01-18T01:20:06
================================================================================
[2025-01-18T01:20:43.895+0000] {manager.py:893} INFO - 
================================================================================
DAG File Processing Stats

File Path                            PID  Runtime      # DAGs    # Errors  Last Runtime    Last Run
---------------------------------  -----  ---------  --------  ----------  --------------  -------------------
/opt/airflow/dags/etl_pipeline.py    185  6.65s             1           0  39.15s          2025-01-18T01:20:06
================================================================================
[2025-01-18T01:21:14.308+0000] {manager.py:893} INFO - 
================================================================================
DAG File Processing Stats

File Path                          PID    Runtime      # DAGs    # Errors  Last Runtime    Last Run
---------------------------------  -----  ---------  --------  ----------  --------------  -------------------
/opt/airflow/dags/etl_pipeline.py                           0           1  35.99s          2025-01-18T01:21:13
================================================================================
[2025-01-18T01:21:29.519+0000] {manager.py:469} INFO - Exiting gracefully upon receiving signal 15
[2025-01-18T01:24:44.856+0000] {manager.py:487} INFO - Processing files using up to 2 processes at a time 
[2025-01-18T01:24:44.860+0000] {manager.py:488} INFO - Process each file at most once every 30 seconds
[2025-01-18T01:24:44.862+0000] {manager.py:489} INFO - Checking for new files in /opt/airflow/dags every 300 seconds
[2025-01-18T01:24:44.866+0000] {manager.py:759} INFO - Searching for files in /opt/airflow/dags
[2025-01-18T01:24:44.984+0000] {manager.py:762} INFO - There are 1 files in /opt/airflow/dags
[2025-01-18T01:24:48.663+0000] {manager.py:893} INFO - 
================================================================================
DAG File Processing Stats

File Path                            PID  Runtime      # DAGs    # Errors  Last Runtime    Last Run
---------------------------------  -----  ---------  --------  ----------  --------------  ----------
/opt/airflow/dags/etl_pipeline.py    180  2.17s             0           0
================================================================================
[2025-01-18T01:25:18.884+0000] {manager.py:893} INFO - 
================================================================================
DAG File Processing Stats

File Path                          PID    Runtime      # DAGs    # Errors  Last Runtime    Last Run
---------------------------------  -----  ---------  --------  ----------  --------------  -------------------
/opt/airflow/dags/etl_pipeline.py                           1           0  29.45s          2025-01-18T01:25:15
================================================================================
[2025-01-18T01:25:49.652+0000] {manager.py:893} INFO - 
================================================================================
DAG File Processing Stats

File Path                            PID  Runtime      # DAGs    # Errors  Last Runtime    Last Run
---------------------------------  -----  ---------  --------  ----------  --------------  -------------------
/opt/airflow/dags/etl_pipeline.py    187  3.42s             1           0  29.45s          2025-01-18T01:25:15
================================================================================
[2025-01-18T01:26:20.589+0000] {manager.py:893} INFO - 
================================================================================
DAG File Processing Stats

File Path                            PID  Runtime      # DAGs    # Errors  Last Runtime    Last Run
---------------------------------  -----  ---------  --------  ----------  --------------  -------------------
/opt/airflow/dags/etl_pipeline.py    187  34.37s            1           0  29.45s          2025-01-18T01:25:15
================================================================================
[2025-01-18T01:26:51.054+0000] {manager.py:893} INFO - 
================================================================================
DAG File Processing Stats

File Path                          PID    Runtime      # DAGs    # Errors  Last Runtime    Last Run
---------------------------------  -----  ---------  --------  ----------  --------------  -------------------
/opt/airflow/dags/etl_pipeline.py                           1           0  40.98s          2025-01-18T01:26:27
================================================================================
[2025-01-18T01:27:21.480+0000] {manager.py:893} INFO - 
================================================================================
DAG File Processing Stats

File Path                            PID  Runtime      # DAGs    # Errors  Last Runtime    Last Run
---------------------------------  -----  ---------  --------  ----------  --------------  -------------------
/opt/airflow/dags/etl_pipeline.py    193  24.11s            1           0  40.98s          2025-01-18T01:26:27
================================================================================
[2025-01-18T01:27:51.839+0000] {manager.py:893} INFO - 
================================================================================
DAG File Processing Stats

File Path                          PID    Runtime      # DAGs    # Errors  Last Runtime    Last Run
---------------------------------  -----  ---------  --------  ----------  --------------  -------------------
/opt/airflow/dags/etl_pipeline.py                           1           0  31.58s          2025-01-18T01:27:28
================================================================================
[2025-01-18T01:28:23.156+0000] {manager.py:893} INFO - 
================================================================================
DAG File Processing Stats

File Path                            PID  Runtime      # DAGs    # Errors  Last Runtime    Last Run
---------------------------------  -----  ---------  --------  ----------  --------------  -------------------
/opt/airflow/dags/etl_pipeline.py    199  23.91s            1           0  31.58s          2025-01-18T01:27:28
================================================================================
[2025-01-18T01:28:54.429+0000] {manager.py:893} INFO - 
================================================================================
DAG File Processing Stats

File Path                          PID    Runtime      # DAGs    # Errors  Last Runtime    Last Run
---------------------------------  -----  ---------  --------  ----------  --------------  -------------------
/opt/airflow/dags/etl_pipeline.py                           1           0  26.68s          2025-01-18T01:28:25
================================================================================
[2025-01-18T01:29:24.865+0000] {manager.py:893} INFO - 
================================================================================
DAG File Processing Stats

File Path                            PID  Runtime      # DAGs    # Errors  Last Runtime    Last Run
---------------------------------  -----  ---------  --------  ----------  --------------  -------------------
/opt/airflow/dags/etl_pipeline.py    205  28.15s            1           0  26.68s          2025-01-18T01:28:25
================================================================================
[2025-01-18T01:29:45.213+0000] {manager.py:759} INFO - Searching for files in /opt/airflow/dags
[2025-01-18T01:29:45.468+0000] {manager.py:762} INFO - There are 1 files in /opt/airflow/dags
[2025-01-18T01:29:55.492+0000] {manager.py:893} INFO - 
================================================================================
DAG File Processing Stats

File Path                          PID    Runtime      # DAGs    # Errors  Last Runtime    Last Run
---------------------------------  -----  ---------  --------  ----------  --------------  -------------------
/opt/airflow/dags/etl_pipeline.py                           0           1  33.74s          2025-01-18T01:29:30
================================================================================
[2025-01-18T01:30:25.703+0000] {manager.py:893} INFO - 
================================================================================
DAG File Processing Stats

File Path                            PID  Runtime      # DAGs    # Errors  Last Runtime    Last Run
---------------------------------  -----  ---------  --------  ----------  --------------  -------------------
/opt/airflow/dags/etl_pipeline.py    211  24.87s            0           1  33.74s          2025-01-18T01:29:30
================================================================================
[2025-01-18T01:30:51.622+0000] {manager.py:1217} ERROR - Processor for /opt/airflow/dags/etl_pipeline.py with PID 211 started at 2025-01-18T01:30:00.704181+00:00 has timed out, killing it.
[2025-01-18T01:30:56.402+0000] {manager.py:893} INFO - 
================================================================================
DAG File Processing Stats

File Path                          PID    Runtime      # DAGs    # Errors  Last Runtime    Last Run
---------------------------------  -----  ---------  --------  ----------  --------------  -------------------
/opt/airflow/dags/etl_pipeline.py                           0           1  50.91s          2025-01-18T01:30:51
================================================================================
[2025-01-18T01:31:26.651+0000] {manager.py:893} INFO - 
================================================================================
DAG File Processing Stats

File Path                            PID  Runtime      # DAGs    # Errors  Last Runtime    Last Run
---------------------------------  -----  ---------  --------  ----------  --------------  -------------------
/opt/airflow/dags/etl_pipeline.py    215  4.61s             0           1  50.91s          2025-01-18T01:30:51
================================================================================
[2025-01-18T01:31:57.216+0000] {manager.py:893} INFO - 
================================================================================
DAG File Processing Stats

File Path                            PID  Runtime      # DAGs    # Errors  Last Runtime    Last Run
---------------------------------  -----  ---------  --------  ----------  --------------  -------------------
/opt/airflow/dags/etl_pipeline.py    215  35.19s            0           1  50.91s          2025-01-18T01:30:51
================================================================================
[2025-01-18T01:32:27.411+0000] {manager.py:893} INFO - 
================================================================================
DAG File Processing Stats

File Path                          PID    Runtime      # DAGs    # Errors  Last Runtime    Last Run
---------------------------------  -----  ---------  --------  ----------  --------------  -------------------
/opt/airflow/dags/etl_pipeline.py                           1           0  42.17s          2025-01-18T01:32:04
================================================================================
[2025-01-18T01:32:57.963+0000] {manager.py:893} INFO - 
================================================================================
DAG File Processing Stats

File Path                            PID  Runtime      # DAGs    # Errors  Last Runtime    Last Run
---------------------------------  -----  ---------  --------  ----------  --------------  -------------------
/opt/airflow/dags/etl_pipeline.py    221  22.96s            1           0  42.17s          2025-01-18T01:32:04
================================================================================
[2025-01-18T01:33:28.345+0000] {manager.py:893} INFO - 
================================================================================
DAG File Processing Stats

File Path                          PID    Runtime      # DAGs    # Errors  Last Runtime    Last Run
---------------------------------  -----  ---------  --------  ----------  --------------  -------------------
/opt/airflow/dags/etl_pipeline.py                           1           0  37.21s          2025-01-18T01:33:12
================================================================================
[2025-01-18T01:33:59.509+0000] {manager.py:893} INFO - 
================================================================================
DAG File Processing Stats

File Path                            PID  Runtime      # DAGs    # Errors  Last Runtime    Last Run
---------------------------------  -----  ---------  --------  ----------  --------------  -------------------
/opt/airflow/dags/etl_pipeline.py    227  16.57s            1           0  37.21s          2025-01-18T01:33:12
================================================================================
[2025-01-18T01:34:30.184+0000] {manager.py:893} INFO - 
================================================================================
DAG File Processing Stats

File Path                            PID  Runtime      # DAGs    # Errors  Last Runtime    Last Run
---------------------------------  -----  ---------  --------  ----------  --------------  -------------------
/opt/airflow/dags/etl_pipeline.py    227  47.29s            1           0  37.21s          2025-01-18T01:33:12
================================================================================
[2025-01-18T01:34:33.346+0000] {manager.py:1217} ERROR - Processor for /opt/airflow/dags/etl_pipeline.py with PID 227 started at 2025-01-18T01:33:42.830741+00:00 has timed out, killing it.
[2025-01-18T01:34:45.366+0000] {manager.py:759} INFO - Searching for files in /opt/airflow/dags
[2025-01-18T01:34:46.079+0000] {manager.py:762} INFO - There are 1 files in /opt/airflow/dags
[2025-01-18T01:35:00.305+0000] {manager.py:893} INFO - 
================================================================================
DAG File Processing Stats

File Path                          PID    Runtime      # DAGs    # Errors  Last Runtime    Last Run
---------------------------------  -----  ---------  --------  ----------  --------------  -------------------
/opt/airflow/dags/etl_pipeline.py                           0           1  50.51s          2025-01-18T01:34:33
================================================================================
[2025-01-18T01:35:30.421+0000] {manager.py:893} INFO - 
================================================================================
DAG File Processing Stats

File Path                            PID  Runtime      # DAGs    # Errors  Last Runtime    Last Run
---------------------------------  -----  ---------  --------  ----------  --------------  -------------------
/opt/airflow/dags/etl_pipeline.py    231  25.93s            0           1  50.51s          2025-01-18T01:34:33
================================================================================
[2025-01-18T01:36:01.049+0000] {manager.py:893} INFO - 
================================================================================
DAG File Processing Stats

File Path                          PID    Runtime      # DAGs    # Errors  Last Runtime    Last Run
---------------------------------  -----  ---------  --------  ----------  --------------  -------------------
/opt/airflow/dags/etl_pipeline.py                           1           0  32.37s          2025-01-18T01:35:36
================================================================================
[2025-01-18T01:36:44.696+0000] {manager.py:893} INFO - 
================================================================================
DAG File Processing Stats

File Path                            PID  Runtime      # DAGs    # Errors  Last Runtime    Last Run
---------------------------------  -----  ---------  --------  ----------  --------------  -------------------
/opt/airflow/dags/etl_pipeline.py    237  37.27s            1           0  32.37s          2025-01-18T01:35:36
================================================================================
[2025-01-18T01:36:58.916+0000] {manager.py:1217} ERROR - Processor for /opt/airflow/dags/etl_pipeline.py with PID 237 started at 2025-01-18T01:36:07.314850+00:00 has timed out, killing it.
[2025-01-18T01:37:15.180+0000] {manager.py:893} INFO - 
================================================================================
DAG File Processing Stats

File Path                          PID    Runtime      # DAGs    # Errors  Last Runtime    Last Run
---------------------------------  -----  ---------  --------  ----------  --------------  -------------------
/opt/airflow/dags/etl_pipeline.py                           0           1  51.60s          2025-01-18T01:36:58
================================================================================
[2025-01-18T01:37:46.167+0000] {manager.py:893} INFO - 
================================================================================
DAG File Processing Stats

File Path                            PID  Runtime      # DAGs    # Errors  Last Runtime    Last Run
---------------------------------  -----  ---------  --------  ----------  --------------  -------------------
/opt/airflow/dags/etl_pipeline.py    241  16.75s            0           1  51.60s          2025-01-18T01:36:58
================================================================================
[2025-01-18T01:38:16.816+0000] {manager.py:893} INFO - 
================================================================================
DAG File Processing Stats

File Path                          PID    Runtime      # DAGs    # Errors  Last Runtime    Last Run
---------------------------------  -----  ---------  --------  ----------  --------------  -------------------
/opt/airflow/dags/etl_pipeline.py                           1           0  35.30s          2025-01-18T01:38:04
================================================================================
[2025-01-18T01:38:47.252+0000] {manager.py:893} INFO - 
================================================================================
DAG File Processing Stats

File Path                            PID  Runtime      # DAGs    # Errors  Last Runtime    Last Run
---------------------------------  -----  ---------  --------  ----------  --------------  -------------------
/opt/airflow/dags/etl_pipeline.py    247  11.44s            1           0  35.30s          2025-01-18T01:38:04
================================================================================
[2025-01-18T01:39:17.768+0000] {manager.py:893} INFO - 
================================================================================
DAG File Processing Stats

File Path                            PID  Runtime      # DAGs    # Errors  Last Runtime    Last Run
---------------------------------  -----  ---------  --------  ----------  --------------  -------------------
/opt/airflow/dags/etl_pipeline.py    247  41.88s            1           0  35.30s          2025-01-18T01:38:04
================================================================================
[2025-01-18T01:39:26.171+0000] {manager.py:1217} ERROR - Processor for /opt/airflow/dags/etl_pipeline.py with PID 247 started at 2025-01-18T01:38:35.771057+00:00 has timed out, killing it.
[2025-01-18T01:39:45.469+0000] {manager.py:759} INFO - Searching for files in /opt/airflow/dags
[2025-01-18T01:39:45.781+0000] {manager.py:762} INFO - There are 1 files in /opt/airflow/dags
[2025-01-18T01:39:48.494+0000] {manager.py:893} INFO - 
================================================================================
DAG File Processing Stats

File Path                          PID    Runtime      # DAGs    # Errors  Last Runtime    Last Run
---------------------------------  -----  ---------  --------  ----------  --------------  -------------------
/opt/airflow/dags/etl_pipeline.py                           0           1  50.39s          2025-01-18T01:39:26
================================================================================
[2025-01-18T01:40:19.015+0000] {manager.py:893} INFO - 
================================================================================
DAG File Processing Stats

File Path                          PID    Runtime      # DAGs    # Errors  Last Runtime    Last Run
---------------------------------  -----  ---------  --------  ----------  --------------  -------------------
/opt/airflow/dags/etl_pipeline.py                           1           0  20.64s          2025-01-18T01:40:17
================================================================================
[2025-01-18T01:40:49.216+0000] {manager.py:893} INFO - 
================================================================================
DAG File Processing Stats

File Path                            PID  Runtime      # DAGs    # Errors  Last Runtime    Last Run
---------------------------------  -----  ---------  --------  ----------  --------------  -------------------
/opt/airflow/dags/etl_pipeline.py    257  1.29s             1           0  20.64s          2025-01-18T01:40:17
================================================================================
[2025-01-18T01:41:20.018+0000] {manager.py:893} INFO - 
================================================================================
DAG File Processing Stats

File Path                          PID    Runtime      # DAGs    # Errors  Last Runtime    Last Run
---------------------------------  -----  ---------  --------  ----------  --------------  -------------------
/opt/airflow/dags/etl_pipeline.py                           1           0  18.40s          2025-01-18T01:41:06
================================================================================
[2025-01-18T01:41:50.590+0000] {manager.py:893} INFO - 
================================================================================
DAG File Processing Stats

File Path                            PID  Runtime      # DAGs    # Errors  Last Runtime    Last Run
---------------------------------  -----  ---------  --------  ----------  --------------  -------------------
/opt/airflow/dags/etl_pipeline.py    263  13.12s            1           0  18.40s          2025-01-18T01:41:06
================================================================================
[2025-01-18T01:42:21.094+0000] {manager.py:893} INFO - 
================================================================================
DAG File Processing Stats

File Path                          PID    Runtime      # DAGs    # Errors  Last Runtime    Last Run
---------------------------------  -----  ---------  --------  ----------  --------------  -------------------
/opt/airflow/dags/etl_pipeline.py                           1           0  13.80s          2025-01-18T01:41:51
================================================================================
[2025-01-18T01:42:51.735+0000] {manager.py:893} INFO - 
================================================================================
DAG File Processing Stats

File Path                          PID    Runtime      # DAGs    # Errors  Last Runtime    Last Run
---------------------------------  -----  ---------  --------  ----------  --------------  -------------------
/opt/airflow/dags/etl_pipeline.py                           1           0  10.76s          2025-01-18T01:42:32
================================================================================
[2025-01-18T01:43:22.038+0000] {manager.py:893} INFO - 
================================================================================
DAG File Processing Stats

File Path                          PID    Runtime      # DAGs    # Errors  Last Runtime    Last Run
---------------------------------  -----  ---------  --------  ----------  --------------  -------------------
/opt/airflow/dags/etl_pipeline.py                           1           0  1.83s           2025-01-18T01:43:04
================================================================================
[2025-01-18T01:43:52.719+0000] {manager.py:893} INFO - 
================================================================================
DAG File Processing Stats

File Path                          PID    Runtime      # DAGs    # Errors  Last Runtime    Last Run
---------------------------------  -----  ---------  --------  ----------  --------------  -------------------
/opt/airflow/dags/etl_pipeline.py                           1           0  1.54s           2025-01-18T01:43:36
================================================================================
[2025-01-18T01:44:23.270+0000] {manager.py:893} INFO - 
================================================================================
DAG File Processing Stats

File Path                          PID    Runtime      # DAGs    # Errors  Last Runtime    Last Run
---------------------------------  -----  ---------  --------  ----------  --------------  -------------------
/opt/airflow/dags/etl_pipeline.py                           1           0  2.06s           2025-01-18T01:44:09
================================================================================
[2025-01-18T01:44:45.562+0000] {manager.py:759} INFO - Searching for files in /opt/airflow/dags
[2025-01-18T01:44:45.571+0000] {manager.py:762} INFO - There are 1 files in /opt/airflow/dags
[2025-01-18T01:44:53.766+0000] {manager.py:893} INFO - 
================================================================================
DAG File Processing Stats

File Path                          PID    Runtime      # DAGs    # Errors  Last Runtime    Last Run
---------------------------------  -----  ---------  --------  ----------  --------------  -------------------
/opt/airflow/dags/etl_pipeline.py                           1           0  1.96s           2025-01-18T01:44:41
================================================================================
[2025-01-18T01:45:24.248+0000] {manager.py:893} INFO - 
================================================================================
DAG File Processing Stats

File Path                          PID    Runtime      # DAGs    # Errors  Last Runtime    Last Run
---------------------------------  -----  ---------  --------  ----------  --------------  -------------------
/opt/airflow/dags/etl_pipeline.py                           1           0  0.91s           2025-01-18T01:45:13
================================================================================
[2025-01-18T01:45:54.529+0000] {manager.py:893} INFO - 
================================================================================
DAG File Processing Stats

File Path                          PID    Runtime      # DAGs    # Errors  Last Runtime    Last Run
---------------------------------  -----  ---------  --------  ----------  --------------  -------------------
/opt/airflow/dags/etl_pipeline.py                           1           0  0.74s           2025-01-18T01:45:44
================================================================================
[2025-01-18T01:46:25.244+0000] {manager.py:893} INFO - 
================================================================================
DAG File Processing Stats

File Path                          PID    Runtime      # DAGs    # Errors  Last Runtime    Last Run
---------------------------------  -----  ---------  --------  ----------  --------------  -------------------
/opt/airflow/dags/etl_pipeline.py                           1           0  0.62s           2025-01-18T01:46:15
================================================================================
[2025-01-18T01:46:55.723+0000] {manager.py:893} INFO - 
================================================================================
DAG File Processing Stats

File Path                          PID    Runtime      # DAGs    # Errors  Last Runtime    Last Run
---------------------------------  -----  ---------  --------  ----------  --------------  -------------------
/opt/airflow/dags/etl_pipeline.py                           1           0  0.96s           2025-01-18T01:46:46
================================================================================
[2025-01-18T01:47:26.276+0000] {manager.py:893} INFO - 
================================================================================
DAG File Processing Stats

File Path                          PID    Runtime      # DAGs    # Errors  Last Runtime    Last Run
---------------------------------  -----  ---------  --------  ----------  --------------  -------------------
/opt/airflow/dags/etl_pipeline.py                           1           0  1.50s           2025-01-18T01:47:18
================================================================================
[2025-01-18T01:47:56.652+0000] {manager.py:893} INFO - 
================================================================================
DAG File Processing Stats

File Path                          PID    Runtime      # DAGs    # Errors  Last Runtime    Last Run
---------------------------------  -----  ---------  --------  ----------  --------------  -------------------
/opt/airflow/dags/etl_pipeline.py                           1           0  0.94s           2025-01-18T01:47:49
================================================================================
[2025-01-18T01:48:27.019+0000] {manager.py:893} INFO - 
================================================================================
DAG File Processing Stats

File Path                          PID    Runtime      # DAGs    # Errors  Last Runtime    Last Run
---------------------------------  -----  ---------  --------  ----------  --------------  -------------------
/opt/airflow/dags/etl_pipeline.py                           1           0  0.71s           2025-01-18T01:48:21
================================================================================
[2025-01-18T01:48:57.510+0000] {manager.py:893} INFO - 
================================================================================
DAG File Processing Stats

File Path                          PID    Runtime      # DAGs    # Errors  Last Runtime    Last Run
---------------------------------  -----  ---------  --------  ----------  --------------  -------------------
/opt/airflow/dags/etl_pipeline.py                           1           0  0.58s           2025-01-18T01:48:51
================================================================================
[2025-01-18T01:49:27.951+0000] {manager.py:893} INFO - 
================================================================================
DAG File Processing Stats

File Path                          PID    Runtime      # DAGs    # Errors  Last Runtime    Last Run
---------------------------------  -----  ---------  --------  ----------  --------------  -------------------
/opt/airflow/dags/etl_pipeline.py                           1           0  0.59s           2025-01-18T01:49:22
================================================================================
[2025-01-18T01:49:46.209+0000] {manager.py:759} INFO - Searching for files in /opt/airflow/dags
[2025-01-18T01:49:46.237+0000] {manager.py:762} INFO - There are 1 files in /opt/airflow/dags
[2025-01-18T01:49:58.354+0000] {manager.py:893} INFO - 
================================================================================
DAG File Processing Stats

File Path                          PID    Runtime      # DAGs    # Errors  Last Runtime    Last Run
---------------------------------  -----  ---------  --------  ----------  --------------  -------------------
/opt/airflow/dags/etl_pipeline.py                           1           0  0.89s           2025-01-18T01:49:54
================================================================================
[2025-01-18T01:50:28.851+0000] {manager.py:893} INFO - 
================================================================================
DAG File Processing Stats

File Path                          PID    Runtime      # DAGs    # Errors  Last Runtime    Last Run
---------------------------------  -----  ---------  --------  ----------  --------------  -------------------
/opt/airflow/dags/etl_pipeline.py                           1           0  0.58s           2025-01-18T01:50:25
================================================================================
[2025-01-18T01:50:46.201+0000] {manager.py:469} INFO - Exiting gracefully upon receiving signal 15
