[2025-01-18T01:44:45.052+0000] {taskinstance.py:1157} INFO - Dependencies all met for dep_context=non-requeueable deps ti=<TaskInstance: etl_pipeline_optimized.incremental_load_to_staging scheduled__2025-01-18T00:00:00+00:00 [queued]>
[2025-01-18T01:44:45.059+0000] {taskinstance.py:1157} INFO - Dependencies all met for dep_context=requeueable deps ti=<TaskInstance: etl_pipeline_optimized.incremental_load_to_staging scheduled__2025-01-18T00:00:00+00:00 [queued]>
[2025-01-18T01:44:45.061+0000] {taskinstance.py:1359} INFO - Starting attempt 1 of 2
[2025-01-18T01:44:45.069+0000] {taskinstance.py:1380} INFO - Executing <Task(PythonOperator): incremental_load_to_staging> on 2025-01-18 00:00:00+00:00
[2025-01-18T01:44:45.084+0000] {standard_task_runner.py:57} INFO - Started process 301 to run task
[2025-01-18T01:44:45.122+0000] {standard_task_runner.py:84} INFO - Running: ['***', 'tasks', 'run', 'etl_pipeline_optimized', 'incremental_load_to_staging', 'scheduled__2025-01-18T00:00:00+00:00', '--job-id', '3', '--raw', '--subdir', 'DAGS_FOLDER/etl_pipeline.py', '--cfg-path', '/tmp/tmp5c_g_oe6']
[2025-01-18T01:44:45.157+0000] {standard_task_runner.py:85} INFO - Job 3: Subtask incremental_load_to_staging
[2025-01-18T01:44:45.342+0000] {task_command.py:415} INFO - Running <TaskInstance: etl_pipeline_optimized.incremental_load_to_staging scheduled__2025-01-18T00:00:00+00:00 [running]> on host 57b40c2df614
[2025-01-18T01:44:45.467+0000] {taskinstance.py:1660} INFO - Exporting env vars: AIRFLOW_CTX_DAG_OWNER='***' AIRFLOW_CTX_DAG_ID='etl_pipeline_optimized' AIRFLOW_CTX_TASK_ID='incremental_load_to_staging' AIRFLOW_CTX_EXECUTION_DATE='2025-01-18T00:00:00+00:00' AIRFLOW_CTX_TRY_NUMBER='1' AIRFLOW_CTX_DAG_RUN_ID='scheduled__2025-01-18T00:00:00+00:00'
[2025-01-18T01:44:45.489+0000] {base.py:73} INFO - Using connection ID 'postgres_conn_dwh' for task execution.
[2025-01-18T01:44:45.514+0000] {sql.py:418} INFO - Running statement: SELECT MAX(updated_at) FROM orders;, parameters: None
[2025-01-18T01:44:45.536+0000] {sql.py:427} INFO - Rows affected: 1
[2025-01-18T01:44:45.540+0000] {base.py:73} INFO - Using connection ID 'postgres_conn_dwh' for task execution.
[2025-01-18T01:44:46.011+0000] {logging_mixin.py:151} INFO - Inserted 10 new rows into orders.
[2025-01-18T01:44:46.042+0000] {logging_mixin.py:151} INFO - Updated 48 rows in orders.
[2025-01-18T01:44:46.064+0000] {logging_mixin.py:151} INFO - Updated 20 rows in users.
[2025-01-18T01:44:46.109+0000] {logging_mixin.py:151} INFO - Updated 29 rows in order_item.
[2025-01-18T01:44:46.117+0000] {logging_mixin.py:151} INFO - Inserted 10 new rows into orders.
[2025-01-18T01:44:46.134+0000] {logging_mixin.py:151} INFO - Updated 48 rows in orders.
[2025-01-18T01:44:46.144+0000] {logging_mixin.py:151} INFO - Updated 20 rows in users.
[2025-01-18T01:44:46.166+0000] {logging_mixin.py:151} INFO - Updated 36 rows in order_item.
[2025-01-18T01:44:46.172+0000] {logging_mixin.py:151} INFO - Inserted 10 new rows into orders.
[2025-01-18T01:44:46.186+0000] {logging_mixin.py:151} INFO - Updated 48 rows in orders.
[2025-01-18T01:44:46.194+0000] {logging_mixin.py:151} INFO - Updated 20 rows in users.
[2025-01-18T01:44:46.213+0000] {logging_mixin.py:151} INFO - Updated 24 rows in order_item.
[2025-01-18T01:44:46.223+0000] {logging_mixin.py:151} INFO - Inserted 10 new rows into orders.
[2025-01-18T01:44:46.239+0000] {logging_mixin.py:151} INFO - Updated 48 rows in orders.
[2025-01-18T01:44:46.247+0000] {logging_mixin.py:151} INFO - Updated 20 rows in users.
[2025-01-18T01:44:47.061+0000] {logging_mixin.py:151} INFO - Updated 28 rows in order_item.
[2025-01-18T01:44:47.072+0000] {logging_mixin.py:151} INFO - Inserted 10 new rows into orders.
[2025-01-18T01:44:47.086+0000] {logging_mixin.py:151} INFO - Updated 48 rows in orders.
[2025-01-18T01:44:47.095+0000] {logging_mixin.py:151} INFO - Updated 20 rows in users.
[2025-01-18T01:44:47.113+0000] {logging_mixin.py:151} INFO - Updated 30 rows in order_item.
[2025-01-18T01:44:47.120+0000] {logging_mixin.py:151} INFO - Inserted 10 new rows into orders.
[2025-01-18T01:44:47.133+0000] {logging_mixin.py:151} INFO - Updated 48 rows in orders.
[2025-01-18T01:44:47.141+0000] {logging_mixin.py:151} INFO - Updated 20 rows in users.
[2025-01-18T01:44:47.160+0000] {logging_mixin.py:151} INFO - Updated 31 rows in order_item.
[2025-01-18T01:44:47.167+0000] {logging_mixin.py:151} INFO - Inserted 10 new rows into orders.
[2025-01-18T01:44:47.180+0000] {logging_mixin.py:151} INFO - Updated 48 rows in orders.
[2025-01-18T01:44:47.188+0000] {logging_mixin.py:151} INFO - Updated 20 rows in users.
[2025-01-18T01:44:47.205+0000] {logging_mixin.py:151} INFO - Updated 27 rows in order_item.
[2025-01-18T01:44:47.212+0000] {logging_mixin.py:151} INFO - Inserted 10 new rows into orders.
[2025-01-18T01:44:47.227+0000] {logging_mixin.py:151} INFO - Updated 48 rows in orders.
[2025-01-18T01:44:47.236+0000] {logging_mixin.py:151} INFO - Updated 20 rows in users.
[2025-01-18T01:44:47.257+0000] {logging_mixin.py:151} INFO - Updated 36 rows in order_item.
[2025-01-18T01:44:47.263+0000] {logging_mixin.py:151} INFO - Inserted 5 new rows into categories.
[2025-01-18T01:44:47.269+0000] {logging_mixin.py:151} INFO - Inserted 10 new rows into orders.
[2025-01-18T01:44:47.283+0000] {logging_mixin.py:151} INFO - Updated 48 rows in orders.
[2025-01-18T01:44:47.291+0000] {logging_mixin.py:151} INFO - Updated 20 rows in users.
[2025-01-18T01:44:47.299+0000] {logging_mixin.py:151} INFO - Inserted 20 new rows into goods.
[2025-01-18T01:44:47.316+0000] {logging_mixin.py:151} INFO - Updated 22 rows in order_item.
[2025-01-18T01:44:47.322+0000] {logging_mixin.py:151} INFO - Inserted 10 new rows into orders.
[2025-01-18T01:44:47.336+0000] {logging_mixin.py:151} INFO - Updated 48 rows in orders.
[2025-01-18T01:44:47.344+0000] {logging_mixin.py:151} INFO - Updated 20 rows in users.
[2025-01-18T01:44:47.362+0000] {logging_mixin.py:151} INFO - Updated 23 rows in order_item.
[2025-01-18T01:44:47.371+0000] {logging_mixin.py:151} INFO - Inserted 10 new rows into orders.
[2025-01-18T01:44:47.387+0000] {logging_mixin.py:151} INFO - Updated 48 rows in orders.
[2025-01-18T01:44:47.396+0000] {logging_mixin.py:151} INFO - Updated 20 rows in users.
[2025-01-18T01:44:47.415+0000] {logging_mixin.py:151} INFO - Updated 33 rows in order_item.
[2025-01-18T01:44:47.423+0000] {logging_mixin.py:151} INFO - Inserted 10 new rows into orders.
[2025-01-18T01:44:47.437+0000] {logging_mixin.py:151} INFO - Updated 48 rows in orders.
[2025-01-18T01:44:47.445+0000] {logging_mixin.py:151} INFO - Updated 20 rows in users.
[2025-01-18T01:44:47.463+0000] {logging_mixin.py:151} INFO - Updated 25 rows in order_item.
[2025-01-18T01:44:47.472+0000] {logging_mixin.py:151} INFO - Inserted 10 new rows into orders.
[2025-01-18T01:44:47.486+0000] {logging_mixin.py:151} INFO - Updated 48 rows in orders.
[2025-01-18T01:44:47.494+0000] {logging_mixin.py:151} INFO - Updated 20 rows in users.
[2025-01-18T01:44:47.512+0000] {logging_mixin.py:151} INFO - Updated 27 rows in order_item.
[2025-01-18T01:44:47.518+0000] {logging_mixin.py:151} INFO - Inserted 10 new rows into orders.
[2025-01-18T01:44:47.532+0000] {logging_mixin.py:151} INFO - Updated 48 rows in orders.
[2025-01-18T01:44:47.540+0000] {logging_mixin.py:151} INFO - Updated 20 rows in users.
[2025-01-18T01:44:47.558+0000] {logging_mixin.py:151} INFO - Updated 32 rows in order_item.
[2025-01-18T01:44:47.564+0000] {logging_mixin.py:151} INFO - Inserted 10 new rows into orders.
[2025-01-18T01:44:47.578+0000] {logging_mixin.py:151} INFO - Updated 48 rows in orders.
[2025-01-18T01:44:47.586+0000] {logging_mixin.py:151} INFO - Updated 20 rows in users.
[2025-01-18T01:44:47.603+0000] {logging_mixin.py:151} INFO - Updated 26 rows in order_item.
[2025-01-18T01:44:47.610+0000] {logging_mixin.py:151} INFO - Inserted 10 new rows into orders.
[2025-01-18T01:44:47.624+0000] {logging_mixin.py:151} INFO - Updated 48 rows in orders.
[2025-01-18T01:44:47.632+0000] {logging_mixin.py:151} INFO - Updated 20 rows in users.
[2025-01-18T01:44:47.650+0000] {logging_mixin.py:151} INFO - Updated 28 rows in order_item.
[2025-01-18T01:44:47.657+0000] {logging_mixin.py:151} INFO - Inserted 10 new rows into orders.
[2025-01-18T01:44:47.670+0000] {logging_mixin.py:151} INFO - Updated 48 rows in orders.
[2025-01-18T01:44:47.678+0000] {logging_mixin.py:151} INFO - Updated 20 rows in users.
[2025-01-18T01:44:47.694+0000] {logging_mixin.py:151} INFO - Updated 25 rows in order_item.
[2025-01-18T01:44:47.698+0000] {logging_mixin.py:151} INFO - Inserted 5 new rows into categories.
[2025-01-18T01:44:47.704+0000] {logging_mixin.py:151} INFO - Inserted 10 new rows into orders.
[2025-01-18T01:44:47.717+0000] {logging_mixin.py:151} INFO - Updated 48 rows in orders.
[2025-01-18T01:44:47.725+0000] {logging_mixin.py:151} INFO - Updated 20 rows in users.
[2025-01-18T01:44:47.742+0000] {logging_mixin.py:151} INFO - Updated 27 rows in order_item.
[2025-01-18T01:44:47.748+0000] {logging_mixin.py:151} INFO - Inserted 10 new rows into orders.
[2025-01-18T01:44:47.762+0000] {logging_mixin.py:151} INFO - Updated 48 rows in orders.
[2025-01-18T01:44:47.770+0000] {logging_mixin.py:151} INFO - Updated 20 rows in users.
[2025-01-18T01:44:47.789+0000] {logging_mixin.py:151} INFO - Updated 31 rows in order_item.
[2025-01-18T01:44:47.796+0000] {logging_mixin.py:151} INFO - Inserted 10 new rows into orders.
[2025-01-18T01:44:47.812+0000] {logging_mixin.py:151} INFO - Updated 48 rows in orders.
[2025-01-18T01:44:47.820+0000] {logging_mixin.py:151} INFO - Updated 20 rows in users.
[2025-01-18T01:44:47.838+0000] {logging_mixin.py:151} INFO - Updated 30 rows in order_item.
[2025-01-18T01:44:47.845+0000] {logging_mixin.py:151} INFO - Inserted 10 new rows into orders.
[2025-01-18T01:44:47.859+0000] {logging_mixin.py:151} INFO - Updated 48 rows in orders.
[2025-01-18T01:44:47.867+0000] {logging_mixin.py:151} INFO - Updated 20 rows in users.
[2025-01-18T01:44:47.886+0000] {logging_mixin.py:151} INFO - Updated 31 rows in order_item.
[2025-01-18T01:44:47.892+0000] {logging_mixin.py:151} INFO - Inserted 10 new rows into orders.
[2025-01-18T01:44:47.905+0000] {logging_mixin.py:151} INFO - Updated 48 rows in orders.
[2025-01-18T01:44:47.914+0000] {logging_mixin.py:151} INFO - Updated 20 rows in users.
[2025-01-18T01:44:47.932+0000] {logging_mixin.py:151} INFO - Updated 30 rows in order_item.
[2025-01-18T01:44:47.938+0000] {logging_mixin.py:151} INFO - Inserted 10 new rows into orders.
[2025-01-18T01:44:47.953+0000] {logging_mixin.py:151} INFO - Updated 48 rows in orders.
[2025-01-18T01:44:47.963+0000] {logging_mixin.py:151} INFO - Updated 20 rows in users.
[2025-01-18T01:44:47.986+0000] {logging_mixin.py:151} INFO - Updated 35 rows in order_item.
[2025-01-18T01:44:47.993+0000] {logging_mixin.py:151} INFO - Inserted 10 new rows into orders.
[2025-01-18T01:44:48.011+0000] {logging_mixin.py:151} INFO - Updated 48 rows in orders.
[2025-01-18T01:44:48.022+0000] {logging_mixin.py:151} INFO - Updated 20 rows in users.
[2025-01-18T01:44:48.043+0000] {logging_mixin.py:151} INFO - Updated 29 rows in order_item.
[2025-01-18T01:44:48.043+0000] {python.py:194} INFO - Done. Returned value was: None
[2025-01-18T01:44:48.051+0000] {taskinstance.py:1398} INFO - Marking task as SUCCESS. dag_id=etl_pipeline_optimized, task_id=incremental_load_to_staging, execution_date=20250118T000000, start_date=20250118T014445, end_date=20250118T014448
[2025-01-18T01:44:48.092+0000] {local_task_job_runner.py:228} INFO - Task exited with return code 0
[2025-01-18T01:44:48.116+0000] {taskinstance.py:2776} INFO - 1 downstream tasks scheduled from follow-on schedule check
