[2025-01-18T01:45:00.388+0000] {taskinstance.py:1157} INFO - Dependencies all met for dep_context=non-requeueable deps ti=<TaskInstance: etl_pipeline_optimized.run_dbt manual__2025-01-18T01:44:38.672613+00:00 [queued]>
[2025-01-18T01:45:00.394+0000] {taskinstance.py:1157} INFO - Dependencies all met for dep_context=requeueable deps ti=<TaskInstance: etl_pipeline_optimized.run_dbt manual__2025-01-18T01:44:38.672613+00:00 [queued]>
[2025-01-18T01:45:00.394+0000] {taskinstance.py:1359} INFO - Starting attempt 1 of 2
[2025-01-18T01:45:00.403+0000] {taskinstance.py:1380} INFO - Executing <Task(BashOperator): run_dbt> on 2025-01-18 01:44:38.672613+00:00
[2025-01-18T01:45:00.427+0000] {standard_task_runner.py:57} INFO - Started process 327 to run task
[2025-01-18T01:45:00.436+0000] {standard_task_runner.py:84} INFO - Running: ['***', 'tasks', 'run', 'etl_pipeline_optimized', 'run_dbt', 'manual__2025-01-18T01:44:38.672613+00:00', '--job-id', '6', '--raw', '--subdir', 'DAGS_FOLDER/etl_pipeline.py', '--cfg-path', '/tmp/tmpo8deah_l']
[2025-01-18T01:45:00.446+0000] {standard_task_runner.py:85} INFO - Job 6: Subtask run_dbt
[2025-01-18T01:45:00.516+0000] {task_command.py:415} INFO - Running <TaskInstance: etl_pipeline_optimized.run_dbt manual__2025-01-18T01:44:38.672613+00:00 [running]> on host 57b40c2df614
[2025-01-18T01:45:00.601+0000] {taskinstance.py:1660} INFO - Exporting env vars: AIRFLOW_CTX_DAG_OWNER='***' AIRFLOW_CTX_DAG_ID='etl_pipeline_optimized' AIRFLOW_CTX_TASK_ID='run_dbt' AIRFLOW_CTX_EXECUTION_DATE='2025-01-18T01:44:38.672613+00:00' AIRFLOW_CTX_TRY_NUMBER='1' AIRFLOW_CTX_DAG_RUN_ID='manual__2025-01-18T01:44:38.672613+00:00'
[2025-01-18T01:45:00.603+0000] {subprocess.py:63} INFO - Tmp dir root location: /tmp
[2025-01-18T01:45:00.604+0000] {subprocess.py:75} INFO - Running command: ['/bin/bash', '-c', 'dbt run --project-dir /opt/dbt']
[2025-01-18T01:45:00.614+0000] {subprocess.py:86} INFO - Output:
[2025-01-18T01:45:02.403+0000] {subprocess.py:93} INFO - [0m01:45:02  Running with dbt=1.8.7
[2025-01-18T01:45:02.576+0000] {subprocess.py:93} INFO - [0m01:45:02  Registered adapter: postgres=1.9.0
[2025-01-18T01:45:02.920+0000] {subprocess.py:93} INFO - [0m01:45:02  Found 8 models, 32 data tests, 5 sources, 429 macros
[2025-01-18T01:45:02.922+0000] {subprocess.py:93} INFO - [0m01:45:02
[2025-01-18T01:45:03.058+0000] {subprocess.py:93} INFO - [0m01:45:03  Concurrency: 1 threads (target='dev')
[2025-01-18T01:45:03.059+0000] {subprocess.py:93} INFO - [0m01:45:03
[2025-01-18T01:45:03.068+0000] {subprocess.py:93} INFO - [0m01:45:03  1 of 8 START sql table model public.categories ................................. [RUN]
[2025-01-18T01:45:03.156+0000] {subprocess.py:93} INFO - [0m01:45:03  1 of 8 OK created sql table model public.categories ............................ [[32mSELECT 30[0m in 0.08s]
[2025-01-18T01:45:03.158+0000] {subprocess.py:93} INFO - [0m01:45:03  2 of 8 START sql table model public.goods ...................................... [RUN]
[2025-01-18T01:45:03.256+0000] {subprocess.py:93} INFO - [0m01:45:03  2 of 8 OK created sql table model public.goods ................................. [[32mSELECT 220[0m in 0.10s]
[2025-01-18T01:45:03.259+0000] {subprocess.py:93} INFO - [0m01:45:03  3 of 8 START sql table model public.order_item ................................. [RUN]
[2025-01-18T01:45:03.296+0000] {subprocess.py:93} INFO - [0m01:45:03  3 of 8 OK created sql table model public.order_item ............................ [[32mSELECT 3060[0m in 0.04s]
[2025-01-18T01:45:03.306+0000] {subprocess.py:93} INFO - [0m01:45:03  4 of 8 START sql table model public.orders ..................................... [RUN]
[2025-01-18T01:45:03.375+0000] {subprocess.py:93} INFO - [0m01:45:03  4 of 8 OK created sql table model public.orders ................................ [[32mSELECT 1240[0m in 0.07s]
[2025-01-18T01:45:03.379+0000] {subprocess.py:93} INFO - [0m01:45:03  5 of 8 START sql table model public.users ...................................... [RUN]
[2025-01-18T01:45:03.423+0000] {subprocess.py:93} INFO - [0m01:45:03  5 of 8 OK created sql table model public.users ................................. [[32mSELECT 100[0m in 0.04s]
[2025-01-18T01:45:03.424+0000] {subprocess.py:93} INFO - [0m01:45:03  6 of 8 START sql table model public.dim_goods .................................. [RUN]
[2025-01-18T01:45:03.473+0000] {subprocess.py:93} INFO - [0m01:45:03  6 of 8 OK created sql table model public.dim_goods ............................. [[32mSELECT 220[0m in 0.05s]
[2025-01-18T01:45:03.480+0000] {subprocess.py:93} INFO - [0m01:45:03  7 of 8 START sql table model public.dim_users .................................. [RUN]
[2025-01-18T01:45:03.535+0000] {subprocess.py:93} INFO - [0m01:45:03  7 of 8 OK created sql table model public.dim_users ............................. [[32mSELECT 100[0m in 0.05s]
[2025-01-18T01:45:03.537+0000] {subprocess.py:93} INFO - [0m01:45:03  8 of 8 START sql table model public.fact_transactions .......................... [RUN]
[2025-01-18T01:45:03.593+0000] {subprocess.py:93} INFO - [0m01:45:03  8 of 8 OK created sql table model public.fact_transactions ..................... [[32mSELECT 3060[0m in 0.05s]
[2025-01-18T01:45:03.612+0000] {subprocess.py:93} INFO - [0m01:45:03
[2025-01-18T01:45:03.613+0000] {subprocess.py:93} INFO - [0m01:45:03  Finished running 8 table models in 0 hours 0 minutes and 0.69 seconds (0.69s).
[2025-01-18T01:45:03.711+0000] {subprocess.py:93} INFO - [0m01:45:03
[2025-01-18T01:45:03.713+0000] {subprocess.py:93} INFO - [0m01:45:03  [32mCompleted successfully[0m
[2025-01-18T01:45:03.714+0000] {subprocess.py:93} INFO - [0m01:45:03
[2025-01-18T01:45:03.715+0000] {subprocess.py:93} INFO - [0m01:45:03  Done. PASS=8 WARN=0 ERROR=0 SKIP=0 TOTAL=8
[2025-01-18T01:45:03.927+0000] {subprocess.py:97} INFO - Command exited with return code 0
[2025-01-18T01:45:03.973+0000] {taskinstance.py:1398} INFO - Marking task as SUCCESS. dag_id=etl_pipeline_optimized, task_id=run_dbt, execution_date=20250118T014438, start_date=20250118T014500, end_date=20250118T014503
[2025-01-18T01:45:04.031+0000] {local_task_job_runner.py:228} INFO - Task exited with return code 0
[2025-01-18T01:45:04.063+0000] {taskinstance.py:2776} INFO - 0 downstream tasks scheduled from follow-on schedule check
