[2025-01-18T01:44:50.747+0000] {taskinstance.py:1157} INFO - Dependencies all met for dep_context=non-requeueable deps ti=<TaskInstance: etl_pipeline_optimized.run_dbt scheduled__2025-01-18T00:00:00+00:00 [queued]>
[2025-01-18T01:44:50.764+0000] {taskinstance.py:1157} INFO - Dependencies all met for dep_context=requeueable deps ti=<TaskInstance: etl_pipeline_optimized.run_dbt scheduled__2025-01-18T00:00:00+00:00 [queued]>
[2025-01-18T01:44:50.765+0000] {taskinstance.py:1359} INFO - Starting attempt 1 of 2
[2025-01-18T01:44:50.779+0000] {taskinstance.py:1380} INFO - Executing <Task(BashOperator): run_dbt> on 2025-01-18 00:00:00+00:00
[2025-01-18T01:44:50.819+0000] {standard_task_runner.py:57} INFO - Started process 306 to run task
[2025-01-18T01:44:50.846+0000] {standard_task_runner.py:84} INFO - Running: ['***', 'tasks', 'run', 'etl_pipeline_optimized', 'run_dbt', 'scheduled__2025-01-18T00:00:00+00:00', '--job-id', '4', '--raw', '--subdir', 'DAGS_FOLDER/etl_pipeline.py', '--cfg-path', '/tmp/tmpjopqzv6y']
[2025-01-18T01:44:50.852+0000] {standard_task_runner.py:85} INFO - Job 4: Subtask run_dbt
[2025-01-18T01:44:51.109+0000] {task_command.py:415} INFO - Running <TaskInstance: etl_pipeline_optimized.run_dbt scheduled__2025-01-18T00:00:00+00:00 [running]> on host 57b40c2df614
[2025-01-18T01:44:51.264+0000] {taskinstance.py:1660} INFO - Exporting env vars: AIRFLOW_CTX_DAG_OWNER='***' AIRFLOW_CTX_DAG_ID='etl_pipeline_optimized' AIRFLOW_CTX_TASK_ID='run_dbt' AIRFLOW_CTX_EXECUTION_DATE='2025-01-18T00:00:00+00:00' AIRFLOW_CTX_TRY_NUMBER='1' AIRFLOW_CTX_DAG_RUN_ID='scheduled__2025-01-18T00:00:00+00:00'
[2025-01-18T01:44:51.291+0000] {subprocess.py:63} INFO - Tmp dir root location: /tmp
[2025-01-18T01:44:51.300+0000] {subprocess.py:75} INFO - Running command: ['/bin/bash', '-c', 'dbt run --project-dir /opt/dbt']
[2025-01-18T01:44:51.322+0000] {subprocess.py:86} INFO - Output:
[2025-01-18T01:44:54.831+0000] {subprocess.py:93} INFO - [0m01:44:54  Running with dbt=1.8.7
[2025-01-18T01:44:55.208+0000] {subprocess.py:93} INFO - [0m01:44:55  Registered adapter: postgres=1.9.0
[2025-01-18T01:44:55.346+0000] {subprocess.py:93} INFO - [0m01:44:55  Unable to do partial parsing because saved manifest not found. Starting full parse.
[2025-01-18T01:44:56.229+0000] {subprocess.py:93} INFO - [0m01:44:56  [[33mWARNING[0m]: Deprecated functionality
[2025-01-18T01:44:56.237+0000] {subprocess.py:93} INFO - The `tests` config has been renamed to `data_tests`. Please see
[2025-01-18T01:44:56.238+0000] {subprocess.py:93} INFO - https://docs.getdbt.com/docs/build/data-tests#new-data_tests-syntax for more
[2025-01-18T01:44:56.239+0000] {subprocess.py:93} INFO - information.
[2025-01-18T01:44:56.522+0000] {subprocess.py:93} INFO - [0m01:44:56  Found 8 models, 32 data tests, 5 sources, 429 macros
[2025-01-18T01:44:56.525+0000] {subprocess.py:93} INFO - [0m01:44:56
[2025-01-18T01:44:56.739+0000] {subprocess.py:93} INFO - [0m01:44:56  Concurrency: 1 threads (target='dev')
[2025-01-18T01:44:56.740+0000] {subprocess.py:93} INFO - [0m01:44:56
[2025-01-18T01:44:56.752+0000] {subprocess.py:93} INFO - [0m01:44:56  1 of 8 START sql table model public.categories ................................. [RUN]
[2025-01-18T01:44:56.917+0000] {subprocess.py:93} INFO - [0m01:44:56  1 of 8 OK created sql table model public.categories ............................ [[32mSELECT 30[0m in 0.16s]
[2025-01-18T01:44:56.922+0000] {subprocess.py:93} INFO - [0m01:44:56  2 of 8 START sql table model public.goods ...................................... [RUN]
[2025-01-18T01:44:57.006+0000] {subprocess.py:93} INFO - [0m01:44:57  2 of 8 OK created sql table model public.goods ................................. [[32mSELECT 220[0m in 0.08s]
[2025-01-18T01:44:57.010+0000] {subprocess.py:93} INFO - [0m01:44:57  3 of 8 START sql table model public.order_item ................................. [RUN]
[2025-01-18T01:44:57.098+0000] {subprocess.py:93} INFO - [0m01:44:57  3 of 8 OK created sql table model public.order_item ............................ [[32mSELECT 3060[0m in 0.09s]
[2025-01-18T01:44:57.100+0000] {subprocess.py:93} INFO - [0m01:44:57  4 of 8 START sql table model public.orders ..................................... [RUN]
[2025-01-18T01:44:57.158+0000] {subprocess.py:93} INFO - [0m01:44:57  4 of 8 OK created sql table model public.orders ................................ [[32mSELECT 1240[0m in 0.06s]
[2025-01-18T01:44:57.162+0000] {subprocess.py:93} INFO - [0m01:44:57  5 of 8 START sql table model public.users ...................................... [RUN]
[2025-01-18T01:44:57.209+0000] {subprocess.py:93} INFO - [0m01:44:57  5 of 8 OK created sql table model public.users ................................. [[32mSELECT 100[0m in 0.05s]
[2025-01-18T01:44:57.211+0000] {subprocess.py:93} INFO - [0m01:44:57  6 of 8 START sql table model public.dim_goods .................................. [RUN]
[2025-01-18T01:44:57.268+0000] {subprocess.py:93} INFO - [0m01:44:57  6 of 8 OK created sql table model public.dim_goods ............................. [[32mSELECT 220[0m in 0.06s]
[2025-01-18T01:44:57.270+0000] {subprocess.py:93} INFO - [0m01:44:57  7 of 8 START sql table model public.dim_users .................................. [RUN]
[2025-01-18T01:44:57.298+0000] {subprocess.py:93} INFO - [0m01:44:57  7 of 8 OK created sql table model public.dim_users ............................. [[32mSELECT 100[0m in 0.03s]
[2025-01-18T01:44:57.300+0000] {subprocess.py:93} INFO - [0m01:44:57  8 of 8 START sql table model public.fact_transactions .......................... [RUN]
[2025-01-18T01:44:57.348+0000] {subprocess.py:93} INFO - [0m01:44:57  8 of 8 OK created sql table model public.fact_transactions ..................... [[32mSELECT 3060[0m in 0.05s]
[2025-01-18T01:44:57.362+0000] {subprocess.py:93} INFO - [0m01:44:57
[2025-01-18T01:44:57.363+0000] {subprocess.py:93} INFO - [0m01:44:57  Finished running 8 table models in 0 hours 0 minutes and 0.84 seconds (0.84s).
[2025-01-18T01:44:57.409+0000] {subprocess.py:93} INFO - [0m01:44:57
[2025-01-18T01:44:57.410+0000] {subprocess.py:93} INFO - [0m01:44:57  [32mCompleted successfully[0m
[2025-01-18T01:44:57.410+0000] {subprocess.py:93} INFO - [0m01:44:57
[2025-01-18T01:44:57.411+0000] {subprocess.py:93} INFO - [0m01:44:57  Done. PASS=8 WARN=0 ERROR=0 SKIP=0 TOTAL=8
[2025-01-18T01:44:57.867+0000] {subprocess.py:97} INFO - Command exited with return code 0
[2025-01-18T01:44:58.003+0000] {taskinstance.py:1398} INFO - Marking task as SUCCESS. dag_id=etl_pipeline_optimized, task_id=run_dbt, execution_date=20250118T000000, start_date=20250118T014450, end_date=20250118T014458
[2025-01-18T01:44:58.044+0000] {local_task_job_runner.py:228} INFO - Task exited with return code 0
[2025-01-18T01:44:58.085+0000] {taskinstance.py:2776} INFO - 0 downstream tasks scheduled from follow-on schedule check
